#
# A fatal error has been detected by the Java Runtime Environment:
#
#  EXCEPTION_ACCESS_VIOLATION (0xc0000005) at pc=0x00000000711b3ab2, pid=3116, tid=3088
#
# JRE version: Java(TM) SE Runtime Environment (8.0_45-b14) (build 1.8.0_45-b14)
# Java VM: Java HotSpot(TM) 64-Bit Server VM (25.45-b02 mixed mode windows-amd64 compressed oops)
# Problematic frame:
# V  [jvm.dll+0x493ab2]
#
# Failed to write core dump. Minidumps are not enabled by default on client versions of Windows
#
# If you would like to submit a bug report, please visit:
#   http://bugreport.java.com/bugreport/crash.jsp
#

---------------  T H R E A D  ---------------

Current thread (0x0000000054d28000):  JavaThread "C2 CompilerThread0" daemon [_thread_in_native, id=3088, stack(0x0000000055fc0000,0x00000000560c0000)]

siginfo: ExceptionCode=0xc0000005, reading address 0x000000000000002c

Registers:
RAX=0x000000005d96fff8, RBX=0x0000000000000001, RCX=0x0000000000000001, RDX=0x0000000000000000
RSP=0x00000000560bc5f0, RBP=0x00000000560bc6f0, RSI=0x0000000000000002, RDI=0x0000000000000000
R8 =0x0000000000000010, R9 =0x0000000000001b74, R10=0x0000000000000002, R11=0x00000000560bc5c0
R12=0x00000000560bcbc0, R13=0x0000000059999750, R14=0x000000005999eef0, R15=0x0000000000000008
RIP=0x00000000711b3ab2, EFLAGS=0x0000000000010283

Top of Stack: (sp=0x00000000560bc5f0)
0x00000000560bc5f0:   00000000560bc6f0 00000000560bcbc0
0x00000000560bc600:   000000005999eef0 00000000000004f8
0x00000000560bc610:   0000000100000000 0000000000000002
0x00000000560bc620:   0000000059999590 0000000000000008
0x00000000560bc630:   000004f800000008 00000000ffffffff
0x00000000560bc640:   0000000000000000 0000000000000000
0x00000000560bc650:   0000000000000000 0000000000000000
0x00000000560bc660:   0000000000000000 00001b7900000000
0x00000000560bc670:   0000000000000008 000000005804f2e0
0x00000000560bc680:   000000000000001c 000000005804f680
0x00000000560bc690:   000000000000001c 00000000560bc740
0x00000000560bc6a0:   0000000000000001 0000000000000002
0x00000000560bc6b0:   0000000000300000 0000000000000000
0x00000000560bc6c0:   0000000000000000 0000000000000000
0x00000000560bc6d0:   0000000000000000 00000000000004f8
0x00000000560bc6e0:   0000000000000000 0000000059999750 

Instructions: (pc=0x00000000711b3ab2)
0x00000000711b3a92:   01 00 00 00 8b cb 44 3b f9 76 29 45 8b 45 18 41
0x00000000711b3aa2:   3b d8 73 0a 49 8b 45 20 48 8b 14 c8 eb 02 33 d2
0x00000000711b3ab2:   0f b6 42 2c 24 0f 3c 0c 75 0a ff c3 48 ff c1 41
0x00000000711b3ac2:   3b df 72 db 8b fb 41 3b df 73 6f 41 8b 55 18 48 


Register to memory mapping:

RAX=0x000000005d96fff8 is an unknown value
RBX=0x0000000000000001 is an unknown value
RCX=0x0000000000000001 is an unknown value
RDX=0x0000000000000000 is an unknown value
RSP=0x00000000560bc5f0 is pointing into the stack for thread: 0x0000000054d28000
RBP=0x00000000560bc6f0 is pointing into the stack for thread: 0x0000000054d28000
RSI=0x0000000000000002 is an unknown value
RDI=0x0000000000000000 is an unknown value
R8 =0x0000000000000010 is an unknown value
R9 =0x0000000000001b74 is an unknown value
R10=0x0000000000000002 is an unknown value
R11=0x00000000560bc5c0 is pointing into the stack for thread: 0x0000000054d28000
R12=0x00000000560bcbc0 is pointing into the stack for thread: 0x0000000054d28000
R13=0x0000000059999750 is an unknown value
R14=0x000000005999eef0 is an unknown value
R15=0x0000000000000008 is an unknown value


Stack: [0x0000000055fc0000,0x00000000560c0000],  sp=0x00000000560bc5f0,  free space=1009k
Native frames: (J=compiled Java code, j=interpreted, Vv=VM code, C=native code)
V  [jvm.dll+0x493ab2]
V  [jvm.dll+0x45f72d]
V  [jvm.dll+0x46a73b]
V  [jvm.dll+0x46cd52]
V  [jvm.dll+0x4500f2]
V  [jvm.dll+0xa4352]
V  [jvm.dll+0xa4c8f]
V  [jvm.dll+0x241984]
V  [jvm.dll+0x29853a]
C  [msvcr100.dll+0x21d9f]
C  [msvcr100.dll+0x21e3b]
C  [kernel32.dll+0x1f56d]
C  [ntdll.dll+0x33281]


Current CompileTask:
C2:5811425 16519  s    4       java.lang.reflect.Field::declaredAnnotations (59 bytes)


---------------  P R O C E S S  ---------------

Java Threads: ( => current thread )
  0x000000005a3a8800 JavaThread "Stdin handler" [_thread_blocked, id=4512, stack(0x0000000060510000,0x0000000060610000)]
  0x000000005a3a8000 JavaThread "Cancel handler" [_thread_blocked, id=4636, stack(0x0000000060300000,0x0000000060400000)]
  0x000000005a3a5000 JavaThread "Handler for socket connection from /127.0.0.1:51012 to /127.0.0.1:58368" [_thread_in_native, id=3076, stack(0x00000000601c0000,0x00000000602c0000)]
  0x000000005a395000 JavaThread "Daemon worker Thread 8" [_thread_in_native, id=4976, stack(0x0000000058e20000,0x0000000058f20000)]
  0x000000005a393800 JavaThread "Daemon Thread 8" [_thread_blocked, id=4880, stack(0x0000000058900000,0x0000000058a00000)]
  0x000000005a024000 JavaThread "pool-3-thread-4" [_thread_blocked, id=3128, stack(0x000000005f230000,0x000000005f330000)]
  0x000000005a024800 JavaThread "pool-3-thread-3" [_thread_blocked, id=4572, stack(0x000000005a720000,0x000000005a820000)]
  0x000000005a023000 JavaThread "pool-3-thread-2" [_thread_blocked, id=1352, stack(0x000000005cc50000,0x000000005cd50000)]
  0x000000005a396800 JavaThread "pool-3-thread-1" [_thread_blocked, id=4056, stack(0x000000005be40000,0x000000005bf40000)]
  0x000000005987f000 JavaThread "File lock request listener" [_thread_in_native, id=2900, stack(0x000000005a820000,0x000000005a920000)]
  0x000000005716d000 JavaThread "Incoming local TCP Connector on port 51012" [_thread_in_native, id=2516, stack(0x0000000058570000,0x0000000058670000)]
  0x0000000054d8b800 JavaThread "Service Thread" daemon [_thread_blocked, id=2248, stack(0x0000000056700000,0x0000000056800000)]
  0x0000000054d2a800 JavaThread "C1 CompilerThread1" daemon [_thread_blocked, id=864, stack(0x00000000561d0000,0x00000000562d0000)]
=>0x0000000054d28000 JavaThread "C2 CompilerThread0" daemon [_thread_in_native, id=3088, stack(0x0000000055fc0000,0x00000000560c0000)]
  0x0000000054d23800 JavaThread "Attach Listener" daemon [_thread_blocked, id=2420, stack(0x0000000055df0000,0x0000000055ef0000)]
  0x0000000054d33800 JavaThread "Signal Dispatcher" daemon [_thread_blocked, id=2000, stack(0x0000000055b60000,0x0000000055c60000)]
  0x0000000054ccc800 JavaThread "Finalizer" daemon [_thread_blocked, id=3812, stack(0x0000000055c70000,0x0000000055d70000)]
  0x0000000054cc3800 JavaThread "Reference Handler" daemon [_thread_blocked, id=840, stack(0x00000000559a0000,0x0000000055aa0000)]
  0x0000000001dbe800 JavaThread "main" [_thread_blocked, id=3544, stack(0x0000000002400000,0x0000000002500000)]

Other Threads:
  0x0000000054cbd800 VMThread [stack: 0x00000000557b0000,0x00000000558b0000] [id=728]
  0x0000000054d8d800 WatcherThread [stack: 0x0000000056940000,0x0000000056a40000] [id=3848]

VM state:not at safepoint (normal execution)

VM Mutex/Monitor currently owned by a thread: None

Heap:
 PSYoungGen      total 325632K, used 51661K [0x00000000eab00000, 0x0000000100000000, 0x0000000100000000)
  eden space 303616K, 13% used [0x00000000eab00000,0x00000000ed2d5c58,0x00000000fd380000)
  from space 22016K, 49% used [0x00000000fe880000,0x00000000ff31da40,0x00000000ffe00000)
  to   space 21504K, 0% used [0x00000000fd380000,0x00000000fd380000,0x00000000fe880000)
 ParOldGen       total 89088K, used 33872K [0x00000000c0000000, 0x00000000c5700000, 0x00000000eab00000)
  object space 89088K, 38% used [0x00000000c0000000,0x00000000c21143b0,0x00000000c5700000)
 Metaspace       used 63566K, capacity 66146K, committed 66944K, reserved 1107968K
  class space    used 8187K, capacity 8571K, committed 8832K, reserved 1048576K

Card table byte_map: [0x0000000011b90000,0x0000000011da0000] byte_map_base: 0x0000000011590000

Marking Bits: (ParMarkBitMap*) 0x0000000071524040
 Begin Bits: [0x0000000012190000, 0x0000000013190000)
 End Bits:   [0x0000000013190000, 0x0000000014190000)

Polling page: 0x0000000000130000

CodeCache: size=245760Kb used=44567Kb max_used=44741Kb free=201193Kb
 bounds [0x00000000027d0000, 0x00000000053f0000, 0x00000000117d0000]
 total_blobs=13255 nmethods=12506 adapters=661
 compilation: enabled

Compilation events (10 events):
Event: 5807.822 Thread 0x0000000054d2a800 16574       3       org.gradle.api.internal.project.AbstractProject::getPath (8 bytes)
Event: 5807.822 Thread 0x0000000054d2a800 nmethod 16574 0x0000000003a66b10 code [0x0000000003a66c80, 0x0000000003a66e50]
Event: 5807.917 Thread 0x0000000054d2a800 16576       3       org.gradle.api.internal.project.AbstractProject::compareTo (9 bytes)
Event: 5807.918 Thread 0x0000000054d2a800 nmethod 16576 0x0000000003e793d0 code [0x0000000003e795e0, 0x0000000003e7a2d8]
Event: 5807.927 Thread 0x0000000054d2a800 16577       3       org.gradle.api.internal.tasks.CachingTaskDependencyResolveContext$TaskGraphImpl::getNodeValues (167 bytes)
Event: 5807.929 Thread 0x0000000054d2a800 nmethod 16577 0x00000000053a1f50 code [0x00000000053a22a0, 0x00000000053a4008]
Event: 5807.932 Thread 0x0000000054d2a800 16578       3       org.gradle.model.internal.registry.DefaultModelRegistry$ModelElementNode$4::onDiscovered (42 bytes)
Event: 5807.933 Thread 0x0000000054d2a800 nmethod 16578 0x00000000053a13d0 code [0x00000000053a15a0, 0x00000000053a1ba8]
Event: 5807.938 Thread 0x0000000054d2a800 16579       3       org.gradle.api.internal.changedetection.changes.ShortCircuitTaskArtifactStateRepository::getStateFor (93 bytes)
Event: 5807.939 Thread 0x0000000054d2a800 nmethod 16579 0x0000000003e785d0 code [0x0000000003e787e0, 0x0000000003e78fe8]

GC Heap History (10 events):
Event: 4655.994 GC heap before
{Heap before GC invocations=31 (full 9):
 PSYoungGen      total 325120K, used 203589K [0x00000000eab00000, 0x0000000100000000, 0x0000000100000000)
  eden space 302080K, 67% used [0x00000000eab00000,0x00000000f71d15b0,0x00000000fd200000)
  from space 23040K, 0% used [0x00000000fd200000,0x00000000fd200000,0x00000000fe880000)
  to   space 23040K, 0% used [0x00000000fe980000,0x00000000fe980000,0x0000000100000000)
 ParOldGen       total 89088K, used 38207K [0x00000000c0000000, 0x00000000c5700000, 0x00000000eab00000)
  object space 89088K, 42% used [0x00000000c0000000,0x00000000c254ff58,0x00000000c5700000)
 Metaspace       used 63152K, capacity 65524K, committed 66432K, reserved 1107968K
  class space    used 8148K, capacity 8514K, committed 8832K, reserved 1048576K
Event: 4656.019 GC heap after
Heap after GC invocations=31 (full 9):
 PSYoungGen      total 325120K, used 2367K [0x00000000eab00000, 0x00000000fff00000, 0x0000000100000000)
  eden space 303104K, 0% used [0x00000000eab00000,0x00000000eab00000,0x00000000fd300000)
  from space 22016K, 10% used [0x00000000fe980000,0x00000000febcfc50,0x00000000fff00000)
  to   space 22528K, 0% used [0x00000000fd300000,0x00000000fd300000,0x00000000fe900000)
 ParOldGen       total 89088K, used 38215K [0x00000000c0000000, 0x00000000c5700000, 0x00000000eab00000)
  object space 89088K, 42% used [0x00000000c0000000,0x00000000c2551f58,0x00000000c5700000)
 Metaspace       used 63152K, capacity 65524K, committed 66432K, reserved 1107968K
  class space    used 8148K, capacity 8514K, committed 8832K, reserved 1048576K
}
Event: 4656.019 GC heap before
{Heap before GC invocations=32 (full 10):
 PSYoungGen      total 325120K, used 2367K [0x00000000eab00000, 0x00000000fff00000, 0x0000000100000000)
  eden space 303104K, 0% used [0x00000000eab00000,0x00000000eab00000,0x00000000fd300000)
  from space 22016K, 10% used [0x00000000fe980000,0x00000000febcfc50,0x00000000fff00000)
  to   space 22528K, 0% used [0x00000000fd300000,0x00000000fd300000,0x00000000fe900000)
 ParOldGen       total 89088K, used 38215K [0x00000000c0000000, 0x00000000c5700000, 0x00000000eab00000)
  object space 89088K, 42% used [0x00000000c0000000,0x00000000c2551f58,0x00000000c5700000)
 Metaspace       used 63152K, capacity 65524K, committed 66432K, reserved 1107968K
  class space    used 8148K, capacity 8514K, committed 8832K, reserved 1048576K
Event: 4656.636 GC heap after
Heap after GC invocations=32 (full 10):
 PSYoungGen      total 325120K, used 0K [0x00000000eab00000, 0x00000000fff00000, 0x0000000100000000)
  eden space 303104K, 0% used [0x00000000eab00000,0x00000000eab00000,0x00000000fd300000)
  from space 22016K, 0% used [0x00000000fe980000,0x00000000fe980000,0x00000000fff00000)
  to   space 22528K, 0% used [0x00000000fd300000,0x00000000fd300000,0x00000000fe900000)
 ParOldGen       total 89088K, used 37907K [0x00000000c0000000, 0x00000000c5700000, 0x00000000eab00000)
  object space 89088K, 42% used [0x00000000c0000000,0x00000000c2504db8,0x00000000c5700000)
 Metaspace       used 63152K, capacity 65524K, committed 66432K, reserved 1107968K
  class space    used 8148K, capacity 8514K, committed 8832K, reserved 1048576K
}
Event: 5694.326 GC heap before
{Heap before GC invocations=33 (full 10):
 PSYoungGen      total 325120K, used 170254K [0x00000000eab00000, 0x00000000fff00000, 0x0000000100000000)
  eden space 303104K, 56% used [0x00000000eab00000,0x00000000f5143b90,0x00000000fd300000)
  from space 22016K, 0% used [0x00000000fe980000,0x00000000fe980000,0x00000000fff00000)
  to   space 22528K, 0% used [0x00000000fd300000,0x00000000fd300000,0x00000000fe900000)
 ParOldGen       total 89088K, used 37907K [0x00000000c0000000, 0x00000000c5700000, 0x00000000eab00000)
  object space 89088K, 42% used [0x00000000c0000000,0x00000000c2504db8,0x00000000c5700000)
 Metaspace       used 63335K, capacity 65756K, committed 66688K, reserved 1107968K
  class space    used 8168K, capacity 8562K, committed 8832K, reserved 1048576K
Event: 5694.419 GC heap after
Heap after GC invocations=33 (full 10):
 PSYoungGen      total 308224K, used 5085K [0x00000000eab00000, 0x00000000ffe00000, 0x0000000100000000)
  eden space 303104K, 0% used [0x00000000eab00000,0x00000000eab00000,0x00000000fd300000)
  from space 5120K, 99% used [0x00000000fd300000,0x00000000fd7f7668,0x00000000fd800000)
  to   space 22016K, 0% used [0x00000000fe880000,0x00000000fe880000,0x00000000ffe00000)
 ParOldGen       total 89088K, used 37915K [0x00000000c0000000, 0x00000000c5700000, 0x00000000eab00000)
  object space 89088K, 42% used [0x00000000c0000000,0x00000000c2506db8,0x00000000c5700000)
 Metaspace       used 63335K, capacity 65756K, committed 66688K, reserved 1107968K
  class space    used 8168K, capacity 8562K, committed 8832K, reserved 1048576K
}
Event: 5694.419 GC heap before
{Heap before GC invocations=34 (full 11):
 PSYoungGen      total 308224K, used 5085K [0x00000000eab00000, 0x00000000ffe00000, 0x0000000100000000)
  eden space 303104K, 0% used [0x00000000eab00000,0x00000000eab00000,0x00000000fd300000)
  from space 5120K, 99% used [0x00000000fd300000,0x00000000fd7f7668,0x00000000fd800000)
  to   space 22016K, 0% used [0x00000000fe880000,0x00000000fe880000,0x00000000ffe00000)
 ParOldGen       total 89088K, used 37915K [0x00000000c0000000, 0x00000000c5700000, 0x00000000eab00000)
  object space 89088K, 42% used [0x00000000c0000000,0x00000000c2506db8,0x00000000c5700000)
 Metaspace       used 63335K, capacity 65756K, committed 66688K, reserved 1107968K
  class space    used 8168K, capacity 8562K, committed 8832K, reserved 1048576K
Event: 5696.212 GC heap after
Heap after GC invocations=34 (full 11):
 PSYoungGen      total 308224K, used 0K [0x00000000eab00000, 0x00000000ffe00000, 0x0000000100000000)
  eden space 303104K, 0% used [0x00000000eab00000,0x00000000eab00000,0x00000000fd300000)
  from space 5120K, 0% used [0x00000000fd300000,0x00000000fd300000,0x00000000fd800000)
  to   space 22016K, 0% used [0x00000000fe880000,0x00000000fe880000,0x00000000ffe00000)
 ParOldGen       total 89088K, used 33872K [0x00000000c0000000, 0x00000000c5700000, 0x00000000eab00000)
  object space 89088K, 38% used [0x00000000c0000000,0x00000000c21143b0,0x00000000c5700000)
 Metaspace       used 62714K, capacity 64676K, committed 66688K, reserved 1107968K
  class space    used 8027K, capacity 8307K, committed 8832K, reserved 1048576K
}
Event: 5803.422 GC heap before
{Heap before GC invocations=35 (full 11):
 PSYoungGen      total 308224K, used 303104K [0x00000000eab00000, 0x00000000ffe00000, 0x0000000100000000)
  eden space 303104K, 100% used [0x00000000eab00000,0x00000000fd300000,0x00000000fd300000)
  from space 5120K, 0% used [0x00000000fd300000,0x00000000fd300000,0x00000000fd800000)
  to   space 22016K, 0% used [0x00000000fe880000,0x00000000fe880000,0x00000000ffe00000)
 ParOldGen       total 89088K, used 33872K [0x00000000c0000000, 0x00000000c5700000, 0x00000000eab00000)
  object space 89088K, 38% used [0x00000000c0000000,0x00000000c21143b0,0x00000000c5700000)
 Metaspace       used 63494K, capacity 66046K, committed 66944K, reserved 1107968K
  class space    used 8183K, capacity 8565K, committed 8832K, reserved 1048576K
Event: 5803.692 GC heap after
Heap after GC invocations=35 (full 11):
 PSYoungGen      total 325632K, used 10870K [0x00000000eab00000, 0x0000000100000000, 0x0000000100000000)
  eden space 303616K, 0% used [0x00000000eab00000,0x00000000eab00000,0x00000000fd380000)
  from space 22016K, 49% used [0x00000000fe880000,0x00000000ff31da40,0x00000000ffe00000)
  to   space 21504K, 0% used [0x00000000fd380000,0x00000000fd380000,0x00000000fe880000)
 ParOldGen       total 89088K, used 33872K [0x00000000c0000000, 0x00000000c5700000, 0x00000000eab00000)
  object space 89088K, 38% used [0x00000000c0000000,0x00000000c21143b0,0x00000000c5700000)
 Metaspace       used 63494K, capacity 66046K, committed 66944K, reserved 1107968K
  class space    used 8183K, capacity 8565K, committed 8832K, reserved 1048576K
}

Deoptimization events (10 events):
Event: 5805.397 Thread 0x000000005a395000 Uncommon trap: reason=class_check action=maybe_recompile pc=0x0000000003f94f68 method=com.google.common.collect.AbstractMapBasedMultimap$WrappedCollection$WrappedIterator.hasNext()Z @ 8
Event: 5805.397 Thread 0x000000005a395000 Uncommon trap: reason=class_check action=maybe_recompile pc=0x0000000003fe54b8 method=com.google.common.collect.AbstractMapBasedMultimap$WrappedCollection$WrappedIterator.next()Ljava/lang/Object; @ 8
Event: 5805.438 Thread 0x000000005a395000 Uncommon trap: reason=class_check action=maybe_recompile pc=0x0000000003f94f68 method=com.google.common.collect.AbstractMapBasedMultimap$WrappedCollection$WrappedIterator.hasNext()Z @ 8
Event: 5805.438 Thread 0x000000005a395000 Uncommon trap: reason=class_check action=maybe_recompile pc=0x0000000003fe54b8 method=com.google.common.collect.AbstractMapBasedMultimap$WrappedCollection$WrappedIterator.next()Ljava/lang/Object; @ 8
Event: 5805.457 Thread 0x000000005a395000 Uncommon trap: reason=class_check action=maybe_recompile pc=0x0000000003f94f68 method=com.google.common.collect.AbstractMapBasedMultimap$WrappedCollection$WrappedIterator.hasNext()Z @ 8
Event: 5805.457 Thread 0x000000005a395000 Uncommon trap: reason=class_check action=maybe_recompile pc=0x0000000003fe54b8 method=com.google.common.collect.AbstractMapBasedMultimap$WrappedCollection$WrappedIterator.next()Ljava/lang/Object; @ 8
Event: 5805.493 Thread 0x000000005a395000 Uncommon trap: reason=class_check action=maybe_recompile pc=0x0000000003f94f68 method=com.google.common.collect.AbstractMapBasedMultimap$WrappedCollection$WrappedIterator.hasNext()Z @ 8
Event: 5805.493 Thread 0x000000005a395000 Uncommon trap: reason=class_check action=maybe_recompile pc=0x0000000003fe54b8 method=com.google.common.collect.AbstractMapBasedMultimap$WrappedCollection$WrappedIterator.next()Ljava/lang/Object; @ 8
Event: 5806.080 Thread 0x000000005a395000 Uncommon trap: reason=unstable_if action=reinterpret pc=0x0000000003e980fc method=java.lang.Class.getConstructor0([Ljava/lang/Class;I)Ljava/lang/reflect/Constructor; @ 29
Event: 5807.930 Thread 0x000000005a395000 Uncommon trap: reason=null_check action=make_not_entrant pc=0x0000000004aa9d64 method=java.lang.ThreadLocal$ThreadLocalMap.set(Ljava/lang/ThreadLocal;Ljava/lang/Object;)V @ 36

Internal exceptions (10 events):
Event: 5761.018 Thread 0x000000005a395000 Exception <a 'java/io/FileNotFoundException'> (0x00000000f5b41a60) thrown at [C:\re\workspace\8-2-build-windows-amd64-cygwin\jdk8u45\3457\hotspot\src\share\vm\prims\jni.cpp, line 709]
Event: 5761.410 Thread 0x000000005a395000 Exception <a 'java/io/FileNotFoundException'> (0x00000000f5b47978) thrown at [C:\re\workspace\8-2-build-windows-amd64-cygwin\jdk8u45\3457\hotspot\src\share\vm\prims\jni.cpp, line 709]
Event: 5761.410 Thread 0x000000005a395000 Exception <a 'java/io/FileNotFoundException'> (0x00000000f5b489e0) thrown at [C:\re\workspace\8-2-build-windows-amd64-cygwin\jdk8u45\3457\hotspot\src\share\vm\prims\jni.cpp, line 709]
Event: 5761.410 Thread 0x000000005a395000 Exception <a 'java/io/FileNotFoundException'> (0x00000000f5b49c28) thrown at [C:\re\workspace\8-2-build-windows-amd64-cygwin\jdk8u45\3457\hotspot\src\share\vm\prims\jni.cpp, line 709]
Event: 5761.410 Thread 0x000000005a395000 Exception <a 'java/io/FileNotFoundException'> (0x00000000f5b4ac90) thrown at [C:\re\workspace\8-2-build-windows-amd64-cygwin\jdk8u45\3457\hotspot\src\share\vm\prims\jni.cpp, line 709]
Event: 5761.410 Thread 0x000000005a395000 Exception <a 'java/io/FileNotFoundException'> (0x00000000f5b4bcf8) thrown at [C:\re\workspace\8-2-build-windows-amd64-cygwin\jdk8u45\3457\hotspot\src\share\vm\prims\jni.cpp, line 709]
Event: 5761.411 Thread 0x000000005a395000 Exception <a 'java/io/FileNotFoundException'> (0x00000000f5b4cd60) thrown at [C:\re\workspace\8-2-build-windows-amd64-cygwin\jdk8u45\3457\hotspot\src\share\vm\prims\jni.cpp, line 709]
Event: 5792.250 Thread 0x000000005a395000 Exception <a 'java/lang/ClassNotFoundException': asLocalRepo42_3rseox4m3qjwhhuw1sn1txamvBeanInfo> (0x00000000f7d57fc0) thrown at [C:\re\workspace\8-2-build-windows-amd64-cygwin\jdk8u45\3457\hotspot\src\share\vm\classfile\systemDictionary.cpp, line 210]
Event: 5792.254 Thread 0x000000005a395000 Exception <a 'java/lang/ClassNotFoundException': asLocalRepo42_3rseox4m3qjwhhuw1sn1txamvCustomizer> (0x00000000f7d60bf8) thrown at [C:\re\workspace\8-2-build-windows-amd64-cygwin\jdk8u45\3457\hotspot\src\share\vm\classfile\systemDictionary.cpp, line 210]
Event: 5807.930 Thread 0x000000005a395000 Implicit null exception at 0x0000000004aa9a2d to 0x0000000004aa9d39

Events (10 events):
Event: 5807.887 Executing VM operation: RevokeBias
Event: 5807.887 Executing VM operation: RevokeBias done
Event: 5807.888 loading class org/gradle/execution/TaskNameResolver$FixedTaskSelectionResult
Event: 5807.888 loading class org/gradle/execution/TaskNameResolver$FixedTaskSelectionResult done
Event: 5807.930 Thread 0x0000000054d2a800 flushing nmethod 0x0000000002be7e90
Event: 5807.930 Thread 0x000000005a395000 Uncommon trap: trap_request=0xfffffff4 fr.pc=0x0000000004aa9d64
Event: 5807.930 Thread 0x000000005a395000 DEOPT PACKING pc=0x0000000004aa9d64 sp=0x0000000058f1d820
Event: 5807.930 Thread 0x000000005a395000 DEOPT UNPACKING pc=0x000000000281556a sp=0x0000000058f1d6e0 mode 2
Event: 5807.934 Thread 0x0000000054d2a800 flushing nmethod 0x0000000002eb5fd0
Event: 5807.940 Thread 0x0000000054d2a800 flushing nmethod 0x0000000003084ed0


Dynamic libraries:
0x000000013f440000 - 0x000000013f477000 	C:\Program Files\Java\jdk1.8.0_45\bin\java.exe
0x0000000077490000 - 0x000000007763b000 	C:\Windows\SYSTEM32\ntdll.dll
0x0000000077270000 - 0x000000007738f000 	C:\Windows\system32\kernel32.dll
0x000007fefd5e0000 - 0x000007fefd64b000 	C:\Windows\system32\KERNELBASE.dll
0x000007feff280000 - 0x000007feff35b000 	C:\Windows\system32\ADVAPI32.dll
0x000007fefe330000 - 0x000007fefe3cf000 	C:\Windows\system32\msvcrt.dll
0x000007fefdf00000 - 0x000007fefdf1f000 	C:\Windows\SYSTEM32\sechost.dll
0x000007fefd960000 - 0x000007fefda8e000 	C:\Windows\system32\RPCRT4.dll
0x0000000077390000 - 0x000000007748a000 	C:\Windows\system32\USER32.dll
0x000007feff1e0000 - 0x000007feff247000 	C:\Windows\system32\GDI32.dll
0x000007fefda90000 - 0x000007fefda9e000 	C:\Windows\system32\LPK.dll
0x000007fefdcb0000 - 0x000007fefdd7a000 	C:\Windows\system32\USP10.dll
0x000007fefbdb0000 - 0x000007fefbfa4000 	C:\Windows\WinSxS\amd64_microsoft.windows.common-controls_6595b64144ccf1df_6.0.7600.16385_none_fa645303170382f6\COMCTL32.dll
0x000007fefe0e0000 - 0x000007fefe151000 	C:\Windows\system32\SHLWAPI.dll
0x000007feff250000 - 0x000007feff27e000 	C:\Windows\system32\IMM32.DLL
0x000007fefdf70000 - 0x000007fefe079000 	C:\Windows\system32\MSCTF.dll
0x0000000074d60000 - 0x0000000074e32000 	C:\Program Files\Java\jdk1.8.0_45\jre\bin\msvcr100.dll
0x0000000070d20000 - 0x00000000715a3000 	C:\Program Files\Java\jdk1.8.0_45\jre\bin\server\jvm.dll
0x000007feeaa90000 - 0x000007feeaa99000 	C:\Windows\system32\WSOCK32.dll
0x000007fefe090000 - 0x000007fefe0dd000 	C:\Windows\system32\WS2_32.dll
0x000007fefe080000 - 0x000007fefe088000 	C:\Windows\system32\NSI.dll
0x000007fefa0d0000 - 0x000007fefa10b000 	C:\Windows\system32\WINMM.dll
0x000007fefc560000 - 0x000007fefc56c000 	C:\Windows\system32\VERSION.dll
0x0000000077660000 - 0x0000000077667000 	C:\Windows\system32\PSAPI.DLL
0x0000000074f10000 - 0x0000000074f1f000 	C:\Program Files\Java\jdk1.8.0_45\jre\bin\verify.dll
0x0000000074ee0000 - 0x0000000074f09000 	C:\Program Files\Java\jdk1.8.0_45\jre\bin\java.dll
0x0000000074ec0000 - 0x0000000074ed6000 	C:\Program Files\Java\jdk1.8.0_45\jre\bin\zip.dll
0x000007fefe3d0000 - 0x000007feff157000 	C:\Windows\system32\SHELL32.dll
0x000007fefdaa0000 - 0x000007fefdca1000 	C:\Windows\system32\ole32.dll
0x000007fefd3f0000 - 0x000007fefd3ff000 	C:\Windows\system32\profapi.dll
0x0000000074ea0000 - 0x0000000074eba000 	C:\Program Files\Java\jdk1.8.0_45\jre\bin\net.dll
0x000007fefcc20000 - 0x000007fefcc74000 	C:\Windows\system32\mswsock.dll
0x000007fefcc10000 - 0x000007fefcc17000 	C:\Windows\System32\wship6.dll
0x0000000074e80000 - 0x0000000074e91000 	C:\Program Files\Java\jdk1.8.0_45\jre\bin\nio.dll
0x000007fef42c0000 - 0x000007fef42d2000 	C:\Users\Lakki\.gradle\native\19\windows-amd64\native-platform.dll
0x000007fef9ac0000 - 0x000007fef9ae7000 	C:\Windows\system32\IPHLPAPI.DLL
0x000007fef9aa0000 - 0x000007fef9aab000 	C:\Windows\system32\WINNSI.DLL
0x000007fef95c0000 - 0x000007fef95d8000 	C:\Windows\system32\dhcpcsvc.DLL
0x000007fef9510000 - 0x000007fef9521000 	C:\Windows\system32\dhcpcsvc6.DLL
0x000007fefcc80000 - 0x000007fefcc97000 	C:\Windows\system32\CRYPTSP.dll
0x000007fefc980000 - 0x000007fefc9c7000 	C:\Windows\system32\rsaenh.dll
0x000007fefc740000 - 0x000007fefc75e000 	C:\Windows\system32\USERENV.dll
0x000007fefd320000 - 0x000007fefd32f000 	C:\Windows\system32\CRYPTBASE.dll
0x000007fefd2c0000 - 0x000007fefd317000 	C:\Windows\system32\apphelp.dll
0x0000000074e70000 - 0x0000000074e7d000 	C:\Program Files\Java\jdk1.8.0_45\jre\bin\management.dll
0x000007fef6d20000 - 0x000007fef6e45000 	C:\Windows\system32\dbghelp.dll

VM Arguments:
jvm_args: -XX:MaxPermSize=256m -XX:+HeapDumpOnOutOfMemoryError -Xmx1024m -Dfile.encoding=windows-1252 -Duser.country=US -Duser.language=en -Duser.variant 
java_command: org.gradle.launcher.daemon.bootstrap.GradleDaemon 2.10
java_class_path (initial): C:\Program Files\Android\Android Studio\gradle\gradle-2.10\lib\gradle-launcher-2.10.jar
Launcher Type: SUN_STANDARD

Environment Variables:
JAVA_HOME=C:\Program Files\Java\jdk1.8.0_45
PATH=C:\Windows\system32;C:\Windows;C:\Windows\System32\Wbem;C:\Windows\System32\WindowsPowerShell\v1.0\;C:\Program Files\Java\jdk1.8.0_45\bin;C:\Lar\php;C:\Program Files\Git\cmd;C:\Program Files (x86)\Skype\Phone\
USERNAME=Lakki
OS=Windows_NT
PROCESSOR_IDENTIFIER=Intel64 Family 6 Model 15 Stepping 10, GenuineIntel



---------------  S Y S T E M  ---------------

OS: Windows 7 , 64 bit Build 7600 (6.1.7600.16385)

CPU:total 2 (2 cores per cpu, 1 threads per core) family 6 model 15 stepping 10, cmov, cx8, fxsr, mmx, sse, sse2, sse3, ssse3, tsc

Memory: 4k page, physical 3135608k(372116k free), swap 6269320k(2323808k free)

vm_info: Java HotSpot(TM) 64-Bit Server VM (25.45-b02) for windows-amd64 JRE (1.8.0_45-b14), built on Apr 10 2015 10:34:15 by "java_re" with MS VC++ 10.0 (VS2010)

time: Sun Jul 10 00:40:15 2016
elapsed time: 5809 seconds (0d 1h 36m 49s)

