#
# A fatal error has been detected by the Java Runtime Environment:
#
#  EXCEPTION_ACCESS_VIOLATION (0xc0000005) at pc=0x000000006dd3dd80, pid=2840, tid=3948
#
# JRE version: Java(TM) SE Runtime Environment (8.0_45-b14) (build 1.8.0_45-b14)
# Java VM: Java HotSpot(TM) 64-Bit Server VM (25.45-b02 mixed mode windows-amd64 compressed oops)
# Problematic frame:
# V  [jvm.dll+0xadd80]
#
# Failed to write core dump. Minidumps are not enabled by default on client versions of Windows
#
# If you would like to submit a bug report, please visit:
#   http://bugreport.java.com/bugreport/crash.jsp
#

---------------  T H R E A D  ---------------

Current thread (0x0000000002014000):  GCTaskThread [stack: 0x0000000011e20000,0x0000000011f20000] [id=3948]

siginfo: ExceptionCode=0xc0000005, reading address 0x0000000000000008

Registers:
RAX=0x0000000000000001, RBX=0x00000000ebabbff8, RCX=0x00000000ebabbff8, RDX=0x0000000000000000
RSP=0x0000000011f1f868, RBP=0x0000000011aa0281, RSI=0x0000000054bca580, RDI=0x00000000c004a800
R8 =0x0000000054bca580, R9 =0x0000000000000005, R10=0x0000000000000008, R11=0x0000000000000000
R12=0x0000000011aa0249, R13=0x0000000000000011, R14=0x0000000000000000, R15=0x000000000200cbc0
RIP=0x000000006dd3dd80, EFLAGS=0x0000000000010246

Top of Stack: (sp=0x0000000011f1f868)
0x0000000011f1f868:   000000006e0883a2 00000000ebabbfd8
0x0000000011f1f878:   0000000000000004 0000000054bca580
0x0000000011f1f888:   00000000c032c949 00000000eb8ed780
0x0000000011f1f898:   000000006e088aeb 00000000c034b230
0x0000000011f1f8a8:   0000000000000400 0000000000000000
0x0000000011f1f8b8:   0000000054bca500 0000000011aa0249
0x0000000011f1f8c8:   000000006e088710 00000000c034be8c
0x0000000011f1f8d8:   0000000011aa0281 0000000054bca580
0x0000000011f1f8e8:   00000000c004a800 00000000c034be8c
0x0000000011f1f8f8:   000000006e0892b5 00000000eba857a0
0x0000000011f1f908:   0000000011aa0281 0000000054bca580
0x0000000011f1f918:   0000000000000004 0000000054bca580
0x0000000011f1f928:   0000000002011700 0000000000000000
0x0000000011f1f938:   000000006e088aeb 0000000054bca580
0x0000000011f1f948:   000000006dda10d3 00000000c004a585
0x0000000011f1f958:   00000000c004a585 00000000c004a668 

Instructions: (pc=0x000000006dd3dd80)
0x000000006dd3dd60:   3c 95 1d 00 48 8b 9c 24 d0 00 00 00 48 81 c4 c0
0x000000006dd3dd70:   00 00 00 5d c3 cc cc cc cc cc cc cc cc cc cc cc
0x000000006dd3dd80:   44 8b 42 08 4c 8b ca 45 85 c0 7e 0e 41 f6 c0 01
0x000000006dd3dd90:   75 57 41 c1 f8 03 41 8b c0 c3 79 4d 80 3d 3e bf 


Register to memory mapping:

RAX=0x0000000000000001 is an unknown value
RBX=0x00000000ebabbff8 is an oop

[error occurred during error reporting (printing register info), id 0xc0000005]

Stack: [0x0000000011e20000,0x0000000011f20000],  sp=0x0000000011f1f868,  free space=1022k
Native frames: (J=compiled Java code, j=interpreted, Vv=VM code, C=native code)
V  [jvm.dll+0xadd80]


---------------  P R O C E S S  ---------------

Java Threads: ( => current thread )
  0x00000000564b7000 JavaThread "pool-1-thread-1" [_thread_blocked, id=2988, stack(0x0000000056b40000,0x0000000056c40000)]
  0x000000005639d800 JavaThread "Service Thread" daemon [_thread_blocked, id=2708, stack(0x0000000055990000,0x0000000055a90000)]
  0x0000000054c39000 JavaThread "C1 CompilerThread1" daemon [_thread_blocked, id=960, stack(0x0000000056290000,0x0000000056390000)]
  0x0000000054c35000 JavaThread "C2 CompilerThread0" daemon [_thread_blocked, id=3196, stack(0x00000000560b0000,0x00000000561b0000)]
  0x0000000054c33800 JavaThread "Attach Listener" daemon [_thread_blocked, id=3192, stack(0x0000000055e90000,0x0000000055f90000)]
  0x0000000054c43000 JavaThread "Signal Dispatcher" daemon [_thread_blocked, id=3408, stack(0x0000000055d10000,0x0000000055e10000)]
  0x0000000054bdb800 JavaThread "Finalizer" daemon [_thread_blocked, id=3228, stack(0x0000000055b30000,0x0000000055c30000)]
  0x0000000054bd2800 JavaThread "Reference Handler" daemon [_thread_blocked, id=3368, stack(0x0000000055890000,0x0000000055990000)]
  0x00000000021ad800 JavaThread "main" [_thread_blocked, id=2732, stack(0x0000000002290000,0x0000000002390000)]

Other Threads:
  0x0000000054bcc800 VMThread [stack: 0x00000000556e0000,0x00000000557e0000] [id=2796]
  0x000000005639f000 WatcherThread [stack: 0x00000000568c0000,0x00000000569c0000] [id=620]

=>0x0000000002014000 (exited) GCTaskThread [stack: 0x0000000011e20000,0x0000000011f20000] [id=3948]

VM state:at safepoint (normal execution)

VM Mutex/Monitor currently owned by a thread:  ([mutex/lock_event])
[0x00000000021ac030] Threads_lock - owner thread: 0x0000000054bcc800
[0x00000000021ac530] Heap_lock - owner thread: 0x00000000564b7000

Heap:
 PSYoungGen      total 14336K, used 14325K [0x00000000eab00000, 0x00000000ec700000, 0x0000000100000000)
  eden space 12288K, 100% used [0x00000000eab00000,0x00000000eb700000,0x00000000eb700000)
  from space 2048K, 99% used [0x00000000eb900000,0x00000000ebafd7a0,0x00000000ebb00000)
  to   space 2048K, 99% used [0x00000000eb700000,0x00000000eb8fd780,0x00000000eb900000)
 ParOldGen       total 32768K, used 4648K [0x00000000c0000000, 0x00000000c2000000, 0x00000000eab00000)
  object space 32768K, 14% used [0x00000000c0000000,0x00000000c048a2c0,0x00000000c2000000)
 Metaspace       used 6018K, capacity 7024K, committed 7296K, reserved 1056768K
  class space    used 598K, capacity 616K, committed 640K, reserved 1048576K

Card table byte_map: [0x0000000011aa0000,0x0000000011cb0000] byte_map_base: 0x00000000114a0000

Marking Bits: (ParMarkBitMap*) 0x000000006e494040
 Begin Bits: [0x00000000120a0000, 0x00000000130a0000)
 End Bits:   [0x00000000130a0000, 0x00000000140a0000)

Polling page: 0x0000000000330000

CodeCache: size=245760Kb used=4982Kb max_used=4982Kb free=240778Kb
 bounds [0x00000000026e0000, 0x0000000002bd0000, 0x00000000116e0000]
 total_blobs=1598 nmethods=1331 adapters=182
 compilation: enabled

Compilation events (10 events):
Event: 3.087 Thread 0x0000000054c39000 1337       3       com.android.dx.dex.file.IdItem::addContents (15 bytes)
Event: 3.087 Thread 0x0000000054c39000 nmethod 1337 0x0000000002bbe950 code [0x0000000002bbeac0, 0x0000000002bbed68]
Event: 3.088 Thread 0x0000000054c39000 1339  s    2       com.android.dx.dex.file.TypeIdsSection::intern (62 bytes)
Event: 3.089 Thread 0x0000000054c39000 nmethod 1339 0x0000000002bbee50 code [0x0000000002bbf000, 0x0000000002bbf608]
Event: 3.089 Thread 0x0000000054c39000 1340       1       com.android.dx.dex.file.DexFile::getTypeLists (5 bytes)
Event: 3.089 Thread 0x0000000054c39000 nmethod 1340 0x0000000002bbf990 code [0x0000000002bbfae0, 0x0000000002bbfbf0]
Event: 3.089 Thread 0x0000000054c39000 1341       2       com.android.dx.dex.file.TypeListItem::hashCode (8 bytes)
Event: 3.089 Thread 0x0000000054c39000 nmethod 1341 0x0000000002bbfc50 code [0x0000000002bbfdc0, 0x0000000002bbff28]
Event: 3.090 Thread 0x0000000054c39000 1342       2       com.android.dx.rop.cst.CstString::stringToUtf8Bytes (175 bytes)
Event: 3.090 Thread 0x0000000054c39000 nmethod 1342 0x0000000002bbffd0 code [0x0000000002bc0160, 0x0000000002bc0698]

GC Heap History (5 events):
Event: 2.080 GC heap before
{Heap before GC invocations=1 (full 0):
 PSYoungGen      total 14336K, used 12288K [0x00000000eab00000, 0x00000000ebb00000, 0x0000000100000000)
  eden space 12288K, 100% used [0x00000000eab00000,0x00000000eb700000,0x00000000eb700000)
  from space 2048K, 0% used [0x00000000eb900000,0x00000000eb900000,0x00000000ebb00000)
  to   space 2048K, 0% used [0x00000000eb700000,0x00000000eb700000,0x00000000eb900000)
 ParOldGen       total 32768K, used 0K [0x00000000c0000000, 0x00000000c2000000, 0x00000000eab00000)
  object space 32768K, 0% used [0x00000000c0000000,0x00000000c0000000,0x00000000c2000000)
 Metaspace       used 5668K, capacity 6768K, committed 7040K, reserved 1056768K
  class space    used 587K, capacity 616K, committed 640K, reserved 1048576K
Event: 2.095 GC heap after
Heap after GC invocations=1 (full 0):
 PSYoungGen      total 14336K, used 2032K [0x00000000eab00000, 0x00000000ebb00000, 0x0000000100000000)
  eden space 12288K, 0% used [0x00000000eab00000,0x00000000eab00000,0x00000000eb700000)
  from space 2048K, 99% used [0x00000000eb700000,0x00000000eb8fc210,0x00000000eb900000)
  to   space 2048K, 0% used [0x00000000eb900000,0x00000000eb900000,0x00000000ebb00000)
 ParOldGen       total 32768K, used 1946K [0x00000000c0000000, 0x00000000c2000000, 0x00000000eab00000)
  object space 32768K, 5% used [0x00000000c0000000,0x00000000c01e6910,0x00000000c2000000)
 Metaspace       used 5668K, capacity 6768K, committed 7040K, reserved 1056768K
  class space    used 587K, capacity 616K, committed 640K, reserved 1048576K
}
Event: 2.498 GC heap before
{Heap before GC invocations=2 (full 0):
 PSYoungGen      total 14336K, used 14320K [0x00000000eab00000, 0x00000000ebb00000, 0x0000000100000000)
  eden space 12288K, 100% used [0x00000000eab00000,0x00000000eb700000,0x00000000eb700000)
  from space 2048K, 99% used [0x00000000eb700000,0x00000000eb8fc210,0x00000000eb900000)
  to   space 2048K, 0% used [0x00000000eb900000,0x00000000eb900000,0x00000000ebb00000)
 ParOldGen       total 32768K, used 1946K [0x00000000c0000000, 0x00000000c2000000, 0x00000000eab00000)
  object space 32768K, 5% used [0x00000000c0000000,0x00000000c01e6910,0x00000000c2000000)
 Metaspace       used 5887K, capacity 6896K, committed 7040K, reserved 1056768K
  class space    used 592K, capacity 616K, committed 640K, reserved 1048576K
Event: 2.511 GC heap after
Heap after GC invocations=2 (full 0):
 PSYoungGen      total 14336K, used 2037K [0x00000000eab00000, 0x00000000ec700000, 0x0000000100000000)
  eden space 12288K, 0% used [0x00000000eab00000,0x00000000eab00000,0x00000000eb700000)
  from space 2048K, 99% used [0x00000000eb900000,0x00000000ebafd7a0,0x00000000ebb00000)
  to   space 2048K, 0% used [0x00000000eb700000,0x00000000eb700000,0x00000000eb900000)
 ParOldGen       total 32768K, used 3268K [0x00000000c0000000, 0x00000000c2000000, 0x00000000eab00000)
  object space 32768K, 9% used [0x00000000c0000000,0x00000000c0331230,0x00000000c2000000)
 Metaspace       used 5887K, capacity 6896K, committed 7040K, reserved 1056768K
  class space    used 592K, capacity 616K, committed 640K, reserved 1048576K
}
Event: 3.091 GC heap before
{Heap before GC invocations=3 (full 0):
 PSYoungGen      total 14336K, used 14325K [0x00000000eab00000, 0x00000000ec700000, 0x0000000100000000)
  eden space 12288K, 100% used [0x00000000eab00000,0x00000000eb700000,0x00000000eb700000)
  from space 2048K, 99% used [0x00000000eb900000,0x00000000ebafd7a0,0x00000000ebb00000)
  to   space 2048K, 0% used [0x00000000eb700000,0x00000000eb700000,0x00000000eb900000)
 ParOldGen       total 32768K, used 3268K [0x00000000c0000000, 0x00000000c2000000, 0x00000000eab00000)
  object space 32768K, 9% used [0x00000000c0000000,0x00000000c0331230,0x00000000c2000000)
 Metaspace       used 6018K, capacity 7024K, committed 7296K, reserved 1056768K
  class space    used 598K, capacity 616K, committed 640K, reserved 1048576K

Deoptimization events (10 events):
Event: 2.468 Thread 0x0000000056598800 Uncommon trap: reason=null_check action=make_not_entrant pc=0x0000000002a76480 method=com.android.dx.rop.type.Type.equals(Ljava/lang/Object;)Z @ 8
Event: 2.496 Thread 0x00000000564b8000 Uncommon trap: reason=unstable_if action=reinterpret pc=0x0000000002aee6d4 method=com.android.dx.rop.code.RegisterSpecSet.put(Lcom/android/dx/rop/code/RegisterSpec;)V @ 77
Event: 2.523 Thread 0x0000000056598800 Uncommon trap: reason=unstable_if action=reinterpret pc=0x0000000002a7c814 method=com.android.dx.rop.code.RegisterSpec.equals(ILcom/android/dx/rop/type/TypeBearer;Lcom/android/dx/rop/code/LocalItem;)Z @ 42
Event: 2.587 Thread 0x00000000564b8000 Uncommon trap: reason=bimorphic action=maybe_recompile pc=0x0000000002944998 method=java.util.HashMap.getNode(ILjava/lang/Object;)Ljava/util/HashMap$Node; @ 126
Event: 2.930 Thread 0x000000005659c000 Uncommon trap: reason=bimorphic action=maybe_recompile pc=0x00000000029996b0 method=java.util.HashMap.getNode(ILjava/lang/Object;)Ljava/util/HashMap$Node; @ 126
Event: 3.044 Thread 0x00000000564b7000 Uncommon trap: reason=bimorphic action=maybe_recompile pc=0x0000000002944998 method=java.util.HashMap.getNode(ILjava/lang/Object;)Ljava/util/HashMap$Node; @ 126
Event: 3.044 Thread 0x00000000564b7000 Uncommon trap: reason=bimorphic action=maybe_recompile pc=0x0000000002b2ac3c method=java.util.HashMap.putVal(ILjava/lang/Object;Ljava/lang/Object;ZZ)Ljava/lang/Object; @ 203
Event: 3.054 Thread 0x00000000564b7000 Uncommon trap: reason=unstable_if action=reinterpret pc=0x0000000002b2abf0 method=java.util.HashMap.putVal(ILjava/lang/Object;Ljava/lang/Object;ZZ)Ljava/lang/Object; @ 94
Event: 3.075 Thread 0x00000000564b7000 Uncommon trap: reason=bimorphic action=maybe_recompile pc=0x0000000002944998 method=java.util.HashMap.getNode(ILjava/lang/Object;)Ljava/util/HashMap$Node; @ 126
Event: 3.075 Thread 0x00000000564b7000 Uncommon trap: reason=bimorphic action=maybe_recompile pc=0x00000000029996b0 method=java.util.HashMap.getNode(ILjava/lang/Object;)Ljava/util/HashMap$Node; @ 126

Internal exceptions (3 events):
Event: 0.240 Thread 0x00000000021ad800 Exception <a 'java/lang/NoSuchMethodError': Method sun.misc.Unsafe.defineClass(Ljava/lang/String;[BII)Ljava/lang/Class; name or signature does not match> (0x00000000eab0d270) thrown at [C:\re\workspace\8-2-build-windows-amd64-cygwin\jdk8u45\3457\hotspot\sreø|‘+ËÎ?
Event: 0.241 Thread 0x00000000021ad800 Exception <a 'java/lang/NoSuchMethodError': Method sun.misc.Unsafe.prefetchRead(Ljava/lang/Object;J)V name or signature does not match> (0x00000000eab0d500) thrown at [C:\re\workspace\8-2-build-windows-amd64-cygwin\jdk8u45\3457\hotspot\src\share\vm\prims\jŸ£%c½½@
Event: 2.468 Thread 0x0000000056598800 Implicit null exception at 0x0000000002a763d2 to 0x0000000002a76471

Events (10 events):
Event: 3.064 Thread 0x00000000564b7000 DEOPT UNPACKING pc=0x00000000027271bf sp=0x0000000056c3e818 mode 0
Event: 3.075 Thread 0x00000000564b7000 Uncommon trap: trap_request=0xffffffc6 fr.pc=0x0000000002944998
Event: 3.075 Thread 0x00000000564b7000 DEOPT PACKING pc=0x0000000002944998 sp=0x0000000056c3ebf0
Event: 3.075 Thread 0x00000000564b7000 DEOPT UNPACKING pc=0x000000000272556a sp=0x0000000056c3eb18 mode 2
Event: 3.075 Thread 0x00000000564b7000 Uncommon trap: trap_request=0xffffffc6 fr.pc=0x00000000029996b0
Event: 3.075 Thread 0x00000000564b7000 DEOPT PACKING pc=0x00000000029996b0 sp=0x0000000056c3eb80
Event: 3.075 Thread 0x00000000564b7000 DEOPT UNPACKING pc=0x000000000272556a sp=0x0000000056c3eb18 mode 2
Event: 3.077 loading class com/android/dx/dex/file/ProtoIdItem
Event: 3.077 loading class com/android/dx/dex/file/ProtoIdItem done
Event: 3.090 Executing VM operation: ParallelGCFailedAllocation


Dynamic libraries:
0x000000013f4c0000 - 0x000000013f4f7000 	C:\Program Files\Java\jdk1.8.0_45\bin\java.exe
0x00000000776d0000 - 0x000000007787b000 	C:\Windows\SYSTEM32\ntdll.dll
0x00000000774b0000 - 0x00000000775cf000 	C:\Windows\system32\kernel32.dll
0x000007fefd7e0000 - 0x000007fefd84b000 	C:\Windows\system32\KERNELBASE.dll
0x000007fefdea0000 - 0x000007fefdf7b000 	C:\Windows\system32\ADVAPI32.dll
0x000007fefdce0000 - 0x000007fefdd7f000 	C:\Windows\system32\msvcrt.dll
0x000007feff6b0000 - 0x000007feff6cf000 	C:\Windows\SYSTEM32\sechost.dll
0x000007feff120000 - 0x000007feff24e000 	C:\Windows\system32\RPCRT4.dll
0x00000000775d0000 - 0x00000000776ca000 	C:\Windows\system32\USER32.dll
0x000007feff8d0000 - 0x000007feff937000 	C:\Windows\system32\GDI32.dll
0x000007fefde90000 - 0x000007fefde9e000 	C:\Windows\system32\LPK.dll
0x000007fefda00000 - 0x000007fefdaca000 	C:\Windows\system32\USP10.dll
0x000007fefbff0000 - 0x000007fefc1e4000 	C:\Windows\WinSxS\amd64_microsoft.windows.common-controls_6595b64144ccf1df_6.0.7600.16385_none_fa645303170382f6\COMCTL32.dll
0x000007feff0a0000 - 0x000007feff111000 	C:\Windows\system32\SHLWAPI.dll
0x000007feff8a0000 - 0x000007feff8ce000 	C:\Windows\system32\IMM32.DLL
0x000007fefdd80000 - 0x000007fefde89000 	C:\Windows\system32\MSCTF.dll
0x0000000075220000 - 0x00000000752f2000 	C:\Program Files\Java\jdk1.8.0_45\jre\bin\msvcr100.dll
0x000000006dc90000 - 0x000000006e513000 	C:\Program Files\Java\jdk1.8.0_45\jre\bin\server\jvm.dll
0x000007fef8080000 - 0x000007fef8089000 	C:\Windows\system32\WSOCK32.dll
0x000007feff990000 - 0x000007feff9dd000 	C:\Windows\system32\WS2_32.dll
0x000007fefdf80000 - 0x000007fefdf88000 	C:\Windows\system32\NSI.dll
0x000007fefaea0000 - 0x000007fefaedb000 	C:\Windows\system32\WINMM.dll
0x000007fefc7a0000 - 0x000007fefc7ac000 	C:\Windows\system32\VERSION.dll
0x00000000778a0000 - 0x00000000778a7000 	C:\Windows\system32\PSAPI.DLL
0x0000000075210000 - 0x000000007521f000 	C:\Program Files\Java\jdk1.8.0_45\jre\bin\verify.dll
0x00000000751e0000 - 0x0000000075209000 	C:\Program Files\Java\jdk1.8.0_45\jre\bin\java.dll
0x00000000751c0000 - 0x00000000751d6000 	C:\Program Files\Java\jdk1.8.0_45\jre\bin\zip.dll
0x000007fefdfb0000 - 0x000007fefed37000 	C:\Windows\system32\SHELL32.dll
0x000007fefdad0000 - 0x000007fefdcd1000 	C:\Windows\system32\ole32.dll
0x000007fefd630000 - 0x000007fefd63f000 	C:\Windows\system32\profapi.dll
0x000007fef6d30000 - 0x000007fef6e55000 	C:\Windows\system32\dbghelp.dll

VM Arguments:
jvm_args: -Djava.awt.headless=true -Xmx1024M -Dfile.encoding=windows-1252 -Duser.country=US -Duser.language=en -Duser.variant 
java_command: com.android.dx.command.Main --dex --force-jumbo --num-threads=4 --multi-dex --output D:\bit\Housie\app\build\intermediates\transforms\dex\debug\folders\1000\10\com.android.support-support-vector-drawable-23.4.0_a0c34fac46982d42cb402fd7c8cf597934085bcc D:\bit\Housie\app\build\intermediates\exploded-aar\com.android.support\support-vector-drawable\23.4.0\jars\classes.jar
java_class_path (initial): C:\Eclipse\sdk\build-tools\24.0.0\lib\dx.jar
Launcher Type: SUN_STANDARD

Environment Variables:
JAVA_HOME=C:\Program Files\Java\jdk1.8.0_45
PATH=C:\Windows\system32;C:\Windows;C:\Windows\System32\Wbem;C:\Windows\System32\WindowsPowerShell\v1.0\;C:\Program Files\Java\jdk1.8.0_45\bin;C:\Lar\php;C:\Program Files\Git\cmd;C:\Program Files (x86)\Skype\Phone\
USERNAME=Lakki
OS=Windows_NT
PROCESSOR_IDENTIFIER=Intel64 Family 6 Model 15 Stepping 10, GenuineIntel



---------------  S Y S T E M  ---------------

OS: Windows 7 , 64 bit Build 7600 (6.1.7600.16385)

CPU:total 2 (2 cores per cpu, 1 threads per core) family 6 model 15 stepping 10, cmov, cx8, fxsr, mmx, sse, sse2, sse3, ssse3, tsc

Memory: 4k page, physical 3135608k(550988k free), swap 6269320k(3249172k free)

vm_info: Java HotSpot(TM) 64-Bit Server VM (25.45-b02) for windows-amd64 JRE (1.8.0_45-b14), built on Apr 10 2015 10:34:15 by "java_re" with MS VC++ 10.0 (VS2010)

time: Mon Jul 11 07:57:49 2016
elapsed time: 3 seconds (0d 0h 0m 3s)

