#
# A fatal error has been detected by the Java Runtime Environment:
#
#  EXCEPTION_ACCESS_VIOLATION (0xc0000005) at pc=0x0000000070d619c8, pid=5032, tid=4840
#
# JRE version: Java(TM) SE Runtime Environment (8.0_45-b14) (build 1.8.0_45-b14)
# Java VM: Java HotSpot(TM) 64-Bit Server VM (25.45-b02 mixed mode windows-amd64 compressed oops)
# Problematic frame:
# V  [jvm.dll+0x419c8]
#
# Failed to write core dump. Minidumps are not enabled by default on client versions of Windows
#
# If you would like to submit a bug report, please visit:
#   http://bugreport.java.com/bugreport/crash.jsp
#

---------------  T H R E A D  ---------------

Current thread (0x0000000054c62000):  JavaThread "C2 CompilerThread0" daemon [_thread_in_native, id=4840, stack(0x00000000560b0000,0x00000000561b0000)]

siginfo: ExceptionCode=0xc0000005, reading address 0x0000000000000010

Registers:
RAX=0x0000000057cef0a0, RBX=0x00000000000001ec, RCX=0x0000000000000000, RDX=0x000000005692cdf0
RSP=0x00000000561af280, RBP=0x00000000561af420, RSI=0x0000000054c8dc90, RDI=0x0000000000000f60
R8 =0x00000000561af228, R9 =0x00000000561af3e0, R10=0x0000000000000000, R11=0x0000000000000246
R12=0x0000000000000000, R13=0x0000000000000000, R14=0x0000000056977a70, R15=0x0000000000000000
RIP=0x0000000070d619c8, EFLAGS=0x0000000000010287

Top of Stack: (sp=0x00000000561af280)
0x00000000561af280:   0000da1203485820 0000000070f61dbd
0x00000000561af290:   000000044fa8d60f 0000000000000300
0x00000000561af2a0:   0000000054c62000 0000000070d4e735
0x00000000561af2b0:   0000000054c62000 0000000000000000
0x00000000561af2c0:   0000000070fb2000 0000000002cf2e30
0x00000000561af2d0:   0000000000000300 0000000070dc4574
0x00000000561af2e0:   00000000000fca00 0000000054c62000
0x00000000561af2f0:   00000000561af3e0 0000000054c62000
0x00000000561af300:   0000000000000000 0000000070f33033
0x00000000561af310:   0000000000000000 0000000054bfc570
0x00000000561af320:   0000000000000000 0000000000000000
0x00000000561af330:   0000000054bfc570 00000000547fed28
0x00000000561af340:   0000000054c62000 00000000000fc000
0x00000000561af350:   0000000000000000 0000000000000000
0x00000000561af360:   0000000054c05500 0000000070fb4b02
0x00000000561af370:   0000000054c05500 0000000054c62ec8 

Instructions: (pc=0x0000000070d619c8)
0x0000000070d619a8:   ec 20 48 8b 41 30 33 db 48 8b f1 39 18 7e 2d 48
0x0000000070d619b8:   89 7c 24 30 8b fb 66 90 48 8b 40 18 48 8b 0c 38
0x0000000070d619c8:   48 8b 49 10 e8 0f 75 0f 00 48 8b 46 30 ff c3 48
0x0000000070d619d8:   83 c7 08 3b 18 7c e1 48 8b 7c 24 30 48 8b 5c 24 


Register to memory mapping:

RAX=0x0000000057cef0a0 is an unknown value
RBX=0x00000000000001ec is an unknown value
RCX=0x0000000000000000 is an unknown value
RDX=0x000000005692cdf0 is an unknown value
RSP=0x00000000561af280 is pointing into the stack for thread: 0x0000000054c62000
RBP=0x00000000561af420 is pointing into the stack for thread: 0x0000000054c62000
RSI=0x0000000054c8dc90 is an unknown value
RDI=0x0000000000000f60 is an unknown value
R8 =0x00000000561af228 is pointing into the stack for thread: 0x0000000054c62000
R9 =0x00000000561af3e0 is pointing into the stack for thread: 0x0000000054c62000
R10=0x0000000000000000 is an unknown value
R11=0x0000000000000246 is an unknown value
R12=0x0000000000000000 is an unknown value
R13=0x0000000000000000 is an unknown value
R14=0x0000000056977a70 is an unknown value
R15=0x0000000000000000 is an unknown value


Stack: [0x00000000560b0000,0x00000000561b0000],  sp=0x00000000561af280,  free space=1020k
Native frames: (J=compiled Java code, j=interpreted, Vv=VM code, C=native code)
V  [jvm.dll+0x419c8]
V  [jvm.dll+0x2e735]
V  [jvm.dll+0xa4574]
V  [jvm.dll+0xa4c8f]
V  [jvm.dll+0x241984]
V  [jvm.dll+0x29853a]
C  [msvcr100.dll+0x21d9f]
C  [msvcr100.dll+0x21e3b]
C  [kernel32.dll+0x1f56d]
C  [ntdll.dll+0x33281]


Current CompileTask:
C2:   8327 1826       4       com.android.dx.ssa.SCCP::run (298 bytes)


---------------  P R O C E S S  ---------------

Java Threads: ( => current thread )
  0x0000000056907000 JavaThread "pool-2-thread-4" [_thread_blocked, id=4880, stack(0x0000000056dc0000,0x0000000056ec0000)]
  0x0000000056904800 JavaThread "pool-2-thread-3" [_thread_blocked, id=2944, stack(0x0000000055db0000,0x0000000055eb0000)]
  0x00000000568fe800 JavaThread "pool-2-thread-2" [_thread_blocked, id=4224, stack(0x0000000056ba0000,0x0000000056ca0000)]
  0x000000005689a800 JavaThread "pool-3-thread-1" [_thread_blocked, id=4100, stack(0x0000000056a80000,0x0000000056b80000)]
  0x0000000056899800 JavaThread "pool-2-thread-1" [_thread_blocked, id=4816, stack(0x00000000561e0000,0x00000000562e0000)]
  0x0000000054c6a800 JavaThread "Service Thread" daemon [_thread_blocked, id=2324, stack(0x0000000056420000,0x0000000056520000)]
  0x0000000054c66800 JavaThread "C1 CompilerThread1" daemon [_thread_blocked, id=4304, stack(0x00000000562e0000,0x00000000563e0000)]
=>0x0000000054c62000 JavaThread "C2 CompilerThread0" daemon [_thread_in_native, id=4840, stack(0x00000000560b0000,0x00000000561b0000)]
  0x0000000054c72800 JavaThread "Attach Listener" daemon [_thread_blocked, id=4808, stack(0x0000000055f00000,0x0000000056000000)]
  0x0000000054c71000 JavaThread "Signal Dispatcher" daemon [_thread_blocked, id=3968, stack(0x0000000055c70000,0x0000000055d70000)]
  0x0000000054c0b800 JavaThread "Finalizer" daemon [_thread_blocked, id=3380, stack(0x0000000055ac0000,0x0000000055bc0000)]
  0x0000000054c02800 JavaThread "Reference Handler" daemon [_thread_blocked, id=4712, stack(0x00000000558e0000,0x00000000559e0000)]
  0x00000000000fd800 JavaThread "main" [_thread_blocked, id=3640, stack(0x0000000002140000,0x0000000002240000)]

Other Threads:
  0x0000000054bfc800 VMThread [stack: 0x0000000055720000,0x0000000055820000] [id=372]
  0x0000000054c6c800 WatcherThread [stack: 0x0000000056580000,0x0000000056680000] [id=2428]

VM state:not at safepoint (normal execution)

VM Mutex/Monitor currently owned by a thread: None

Heap:
 PSYoungGen      total 51200K, used 19354K [0x00000000eab00000, 0x00000000f1e00000, 0x0000000100000000)
  eden space 49152K, 35% used [0x00000000eab00000,0x00000000ebbea420,0x00000000edb00000)
  from space 2048K, 99% used [0x00000000edb00000,0x00000000edcfc640,0x00000000edd00000)
  to   space 9728K, 0% used [0x00000000f1480000,0x00000000f1480000,0x00000000f1e00000)
 ParOldGen       total 32768K, used 17312K [0x00000000c0000000, 0x00000000c2000000, 0x00000000eab00000)
  object space 32768K, 52% used [0x00000000c0000000,0x00000000c10e8030,0x00000000c2000000)
 Metaspace       used 6233K, capacity 7152K, committed 7296K, reserved 1056768K
  class space    used 592K, capacity 616K, committed 640K, reserved 1048576K

Card table byte_map: [0x00000000119a0000,0x0000000011bb0000] byte_map_base: 0x00000000113a0000

Marking Bits: (ParMarkBitMap*) 0x0000000071524040
 Begin Bits: [0x00000000120d0000, 0x00000000130d0000)
 End Bits:   [0x00000000130d0000, 0x00000000140d0000)

Polling page: 0x0000000000340000

CodeCache: size=245760Kb used=7203Kb max_used=7239Kb free=238556Kb
 bounds [0x00000000025e0000, 0x0000000002d00000, 0x00000000115e0000]
 total_blobs=2059 nmethods=1792 adapters=182
 compilation: enabled

Compilation events (10 events):
Event: 7.134 Thread 0x0000000054c66800 nmethod 1823 0x0000000002c9b490 code [0x0000000002c9b600, 0x0000000002c9b788]
Event: 7.134 Thread 0x0000000054c66800 1821   !   3       com.android.dx.dex.file.AnnotationSetItem::writeSize (20 bytes)
Event: 7.134 Thread 0x0000000054c66800 nmethod 1821 0x0000000002c9ae50 code [0x0000000002c9afc0, 0x0000000002c9b2e8]
Event: 7.134 Thread 0x0000000054c66800 1822       3       com.android.dx.rop.annotation.Annotations::getAnnotations (11 bytes)
Event: 7.134 Thread 0x0000000054c66800 nmethod 1822 0x0000000002c9a310 code [0x0000000002c9a4c0, 0x0000000002c9aae8]
Event: 7.138 Thread 0x0000000054c62000 nmethod 1824 0x0000000002cc7390 code [0x0000000002cc74e0, 0x0000000002cc7738]
Event: 7.139 Thread 0x0000000054c62000 1825 %     4       com.android.dx.ssa.SsaConverter::placePhiFunctions @ 131 (394 bytes)
Event: 7.341 Thread 0x0000000054c62000 nmethod 1825% 0x0000000002cdf9d0 code [0x0000000002cdfca0, 0x0000000002ce1a90]
Event: 7.342 Thread 0x0000000054c62000 1826       4       com.android.dx.ssa.SCCP::run (298 bytes)
Event: 8.294 Thread 0x0000000054c62000 nmethod 1826 0x0000000002cec750 code [0x0000000002cece40, 0x0000000002cf2e30]

GC Heap History (10 events):
Event: 0.946 GC heap before
{Heap before GC invocations=1 (full 0):
 PSYoungGen      total 14336K, used 12288K [0x00000000eab00000, 0x00000000ebb00000, 0x0000000100000000)
  eden space 12288K, 100% used [0x00000000eab00000,0x00000000eb700000,0x00000000eb700000)
  from space 2048K, 0% used [0x00000000eb900000,0x00000000eb900000,0x00000000ebb00000)
  to   space 2048K, 0% used [0x00000000eb700000,0x00000000eb700000,0x00000000eb900000)
 ParOldGen       total 32768K, used 0K [0x00000000c0000000, 0x00000000c2000000, 0x00000000eab00000)
  object space 32768K, 0% used [0x00000000c0000000,0x00000000c0000000,0x00000000c2000000)
 Metaspace       used 5368K, capacity 6384K, committed 6528K, reserved 1056768K
  class space    used 580K, capacity 616K, committed 640K, reserved 1048576K
Event: 1.021 GC heap after
Heap after GC invocations=1 (full 0):
 PSYoungGen      total 14336K, used 2023K [0x00000000eab00000, 0x00000000ec700000, 0x0000000100000000)
  eden space 12288K, 0% used [0x00000000eab00000,0x00000000eab00000,0x00000000eb700000)
  from space 2048K, 98% used [0x00000000eb700000,0x00000000eb8f9c68,0x00000000eb900000)
  to   space 2048K, 0% used [0x00000000ec500000,0x00000000ec500000,0x00000000ec700000)
 ParOldGen       total 32768K, used 1154K [0x00000000c0000000, 0x00000000c2000000, 0x00000000eab00000)
  object space 32768K, 3% used [0x00000000c0000000,0x00000000c0120908,0x00000000c2000000)
 Metaspace       used 5368K, capacity 6384K, committed 6528K, reserved 1056768K
  class space    used 580K, capacity 616K, committed 640K, reserved 1048576K
}
Event: 2.142 GC heap before
{Heap before GC invocations=2 (full 0):
 PSYoungGen      total 14336K, used 14311K [0x00000000eab00000, 0x00000000ec700000, 0x0000000100000000)
  eden space 12288K, 100% used [0x00000000eab00000,0x00000000eb700000,0x00000000eb700000)
  from space 2048K, 98% used [0x00000000eb700000,0x00000000eb8f9c68,0x00000000eb900000)
  to   space 2048K, 0% used [0x00000000ec500000,0x00000000ec500000,0x00000000ec700000)
 ParOldGen       total 32768K, used 1154K [0x00000000c0000000, 0x00000000c2000000, 0x00000000eab00000)
  object space 32768K, 3% used [0x00000000c0000000,0x00000000c0120908,0x00000000c2000000)
 Metaspace       used 5833K, capacity 6832K, committed 7040K, reserved 1056768K
  class space    used 589K, capacity 616K, committed 640K, reserved 1048576K
Event: 2.169 GC heap after
Heap after GC invocations=2 (full 0):
 PSYoungGen      total 26624K, used 2016K [0x00000000eab00000, 0x00000000ec700000, 0x0000000100000000)
  eden space 24576K, 0% used [0x00000000eab00000,0x00000000eab00000,0x00000000ec300000)
  from space 2048K, 98% used [0x00000000ec500000,0x00000000ec6f82c0,0x00000000ec700000)
  to   space 2048K, 0% used [0x00000000ec300000,0x00000000ec300000,0x00000000ec500000)
 ParOldGen       total 32768K, used 2634K [0x00000000c0000000, 0x00000000c2000000, 0x00000000eab00000)
  object space 32768K, 8% used [0x00000000c0000000,0x00000000c0292a10,0x00000000c2000000)
 Metaspace       used 5833K, capacity 6832K, committed 7040K, reserved 1056768K
  class space    used 589K, capacity 616K, committed 640K, reserved 1048576K
}
Event: 3.295 GC heap before
{Heap before GC invocations=3 (full 0):
 PSYoungGen      total 26624K, used 26592K [0x00000000eab00000, 0x00000000ec700000, 0x0000000100000000)
  eden space 24576K, 100% used [0x00000000eab00000,0x00000000ec300000,0x00000000ec300000)
  from space 2048K, 98% used [0x00000000ec500000,0x00000000ec6f82c0,0x00000000ec700000)
  to   space 2048K, 0% used [0x00000000ec300000,0x00000000ec300000,0x00000000ec500000)
 ParOldGen       total 32768K, used 2634K [0x00000000c0000000, 0x00000000c2000000, 0x00000000eab00000)
  object space 32768K, 8% used [0x00000000c0000000,0x00000000c0292a10,0x00000000c2000000)
 Metaspace       used 6075K, capacity 7024K, committed 7296K, reserved 1056768K
  class space    used 591K, capacity 616K, committed 640K, reserved 1048576K
Event: 3.336 GC heap after
Heap after GC invocations=3 (full 0):
 PSYoungGen      total 26624K, used 2016K [0x00000000eab00000, 0x00000000edf00000, 0x0000000100000000)
  eden space 24576K, 0% used [0x00000000eab00000,0x00000000eab00000,0x00000000ec300000)
  from space 2048K, 98% used [0x00000000ec300000,0x00000000ec4f8048,0x00000000ec500000)
  to   space 2048K, 0% used [0x00000000edd00000,0x00000000edd00000,0x00000000edf00000)
 ParOldGen       total 32768K, used 6427K [0x00000000c0000000, 0x00000000c2000000, 0x00000000eab00000)
  object space 32768K, 19% used [0x00000000c0000000,0x00000000c0646f08,0x00000000c2000000)
 Metaspace       used 6075K, capacity 7024K, committed 7296K, reserved 1056768K
  class space    used 591K, capacity 616K, committed 640K, reserved 1048576K
}
Event: 3.667 GC heap before
{Heap before GC invocations=4 (full 0):
 PSYoungGen      total 26624K, used 26592K [0x00000000eab00000, 0x00000000edf00000, 0x0000000100000000)
  eden space 24576K, 100% used [0x00000000eab00000,0x00000000ec300000,0x00000000ec300000)
  from space 2048K, 98% used [0x00000000ec300000,0x00000000ec4f8048,0x00000000ec500000)
  to   space 2048K, 0% used [0x00000000edd00000,0x00000000edd00000,0x00000000edf00000)
 ParOldGen       total 32768K, used 6427K [0x00000000c0000000, 0x00000000c2000000, 0x00000000eab00000)
  object space 32768K, 19% used [0x00000000c0000000,0x00000000c0646f08,0x00000000c2000000)
 Metaspace       used 6117K, capacity 7024K, committed 7296K, reserved 1056768K
  class space    used 591K, capacity 616K, committed 640K, reserved 1048576K
Event: 3.695 GC heap after
Heap after GC invocations=4 (full 0):
 PSYoungGen      total 51200K, used 2038K [0x00000000eab00000, 0x00000000edf00000, 0x0000000100000000)
  eden space 49152K, 0% used [0x00000000eab00000,0x00000000eab00000,0x00000000edb00000)
  from space 2048K, 99% used [0x00000000edd00000,0x00000000edefdbe0,0x00000000edf00000)
  to   space 2048K, 0% used [0x00000000edb00000,0x00000000edb00000,0x00000000edd00000)
 ParOldGen       total 32768K, used 9665K [0x00000000c0000000, 0x00000000c2000000, 0x00000000eab00000)
  object space 32768K, 29% used [0x00000000c0000000,0x00000000c0970658,0x00000000c2000000)
 Metaspace       used 6117K, capacity 7024K, committed 7296K, reserved 1056768K
  class space    used 591K, capacity 616K, committed 640K, reserved 1048576K
}
Event: 5.062 GC heap before
{Heap before GC invocations=5 (full 0):
 PSYoungGen      total 51200K, used 51190K [0x00000000eab00000, 0x00000000edf00000, 0x0000000100000000)
  eden space 49152K, 100% used [0x00000000eab00000,0x00000000edb00000,0x00000000edb00000)
  from space 2048K, 99% used [0x00000000edd00000,0x00000000edefdbe0,0x00000000edf00000)
  to   space 2048K, 0% used [0x00000000edb00000,0x00000000edb00000,0x00000000edd00000)
 ParOldGen       total 32768K, used 9665K [0x00000000c0000000, 0x00000000c2000000, 0x00000000eab00000)
  object space 32768K, 29% used [0x00000000c0000000,0x00000000c0970658,0x00000000c2000000)
 Metaspace       used 6221K, capacity 7152K, committed 7296K, reserved 1056768K
  class space    used 592K, capacity 616K, committed 640K, reserved 1048576K
Event: 5.172 GC heap after
Heap after GC invocations=5 (full 0):
 PSYoungGen      total 51200K, used 2033K [0x00000000eab00000, 0x00000000f1e00000, 0x0000000100000000)
  eden space 49152K, 0% used [0x00000000eab00000,0x00000000eab00000,0x00000000edb00000)
  from space 2048K, 99% used [0x00000000edb00000,0x00000000edcfc640,0x00000000edd00000)
  to   space 9728K, 0% used [0x00000000f1480000,0x00000000f1480000,0x00000000f1e00000)
 ParOldGen       total 32768K, used 17312K [0x00000000c0000000, 0x00000000c2000000, 0x00000000eab00000)
  object space 32768K, 52% used [0x00000000c0000000,0x00000000c10e8030,0x00000000c2000000)
 Metaspace       used 6221K, capacity 7152K, committed 7296K, reserved 1056768K
  class space    used 592K, capacity 616K, committed 640K, reserved 1048576K
}

Deoptimization events (10 events):
Event: 3.390 Thread 0x0000000056907000 Uncommon trap: reason=unstable_if action=reinterpret pc=0x0000000002a72c84 method=com.android.dx.rop.code.RegisterSpec.equals(ILcom/android/dx/rop/type/TypeBearer;Lcom/android/dx/rop/code/LocalItem;)Z @ 42
Event: 3.516 Thread 0x00000000568fe800 Uncommon trap: reason=bimorphic action=maybe_recompile pc=0x0000000002b5c59c method=com.android.dx.cf.code.BytecodeArray.parseInstruction(ILcom/android/dx/cf/code/BytecodeArray$Visitor;)I @ 939
Event: 3.516 Thread 0x00000000568fe800 Uncommon trap: reason=bimorphic action=maybe_recompile pc=0x0000000002b5c59c method=com.android.dx.cf.code.BytecodeArray.parseInstruction(ILcom/android/dx/cf/code/BytecodeArray$Visitor;)I @ 939
Event: 3.910 Thread 0x0000000056899800 Uncommon trap: reason=bimorphic action=maybe_recompile pc=0x0000000002b5c61c method=com.android.dx.cf.code.BytecodeArray.parseInstruction(ILcom/android/dx/cf/code/BytecodeArray$Visitor;)I @ 955
Event: 3.910 Thread 0x0000000056899800 Uncommon trap: reason=bimorphic action=maybe_recompile pc=0x0000000002b5c61c method=com.android.dx.cf.code.BytecodeArray.parseInstruction(ILcom/android/dx/cf/code/BytecodeArray$Visitor;)I @ 955
Event: 4.169 Thread 0x0000000056907000 Uncommon trap: reason=unstable_if action=reinterpret pc=0x0000000002bc2590 method=com.android.dx.ssa.SCCP.simulateStmt(Lcom/android/dx/ssa/SsaInsn;)V @ 59
Event: 5.002 Thread 0x0000000056907000 Uncommon trap: reason=unstable_if action=reinterpret pc=0x0000000002c2227c method=com.android.dx.rop.code.LocalItem.compareHandlesNulls(Lcom/android/dx/rop/cst/CstString;Lcom/android/dx/rop/cst/CstString;)I @ 14
Event: 5.003 Thread 0x0000000056907000 Uncommon trap: reason=unstable_if action=reinterpret pc=0x0000000002ad5484 method=com.android.dx.rop.code.LocalItem.compareHandlesNulls(Lcom/android/dx/rop/cst/CstString;Lcom/android/dx/rop/cst/CstString;)I @ 14
Event: 6.622 Thread 0x0000000056907000 Uncommon trap: reason=bimorphic action=maybe_recompile pc=0x0000000002c44854 method=com.android.dx.cf.code.BytecodeArray.parseInstruction(ILcom/android/dx/cf/code/BytecodeArray$Visitor;)I @ 2484
Event: 6.622 Thread 0x0000000056907000 Uncommon trap: reason=bimorphic action=maybe_recompile pc=0x0000000002c44854 method=com.android.dx.cf.code.BytecodeArray.parseInstruction(ILcom/android/dx/cf/code/BytecodeArray$Visitor;)I @ 2484

Internal exceptions (6 events):
Event: 0.071 Thread 0x00000000000fd800 Exception <a 'java/lang/NoSuchMethodError': Method sun.misc.Unsafe.defineClass(Ljava/lang/String;[BII)Ljava/lang/Class; name or signature does not match> (0x00000000eab0d0a8) thrown at [C:\re\workspace\8-2-build-windows-amd64-cygwin\jdk8u45\3457\hotspot\sr©Y¾’@²?
Event: 0.071 Thread 0x00000000000fd800 Exception <a 'java/lang/NoSuchMethodError': Method sun.misc.Unsafe.prefetchRead(Ljava/lang/Object;J)V name or signature does not match> (0x00000000eab0d338) thrown at [C:\re\workspace\8-2-build-windows-amd64-cygwin\jdk8u45\3457\hotspot\src\share\vm\prims\jãF~Óñ@
Event: 2.243 Thread 0x00000000000fd800 Implicit null exception at 0x000000000291a292 to 0x000000000291a341
Event: 3.050 Thread 0x0000000056907000 Implicit null exception at 0x0000000002a791d6 to 0x0000000002a7badd
Event: 5.002 Thread 0x0000000056907000 Implicit null exception at 0x0000000002c210c3 to 0x0000000002c2226d
Event: 5.003 Thread 0x0000000056907000 Implicit null exception at 0x0000000002ad41d2 to 0x0000000002ad5479

Events (10 events):
Event: 5.520 Thread 0x0000000056899800 DEOPT PACKING pc=0x00000000028b9ca9 sp=0x00000000562deaf0
Event: 5.520 Thread 0x0000000056899800 DEOPT UNPACKING pc=0x00000000026271bf sp=0x00000000562de8b8 mode 0
Event: 6.622 Thread 0x0000000056907000 Uncommon trap: trap_request=0xffffffc6 fr.pc=0x0000000002c44854
Event: 6.622 Thread 0x0000000056907000 DEOPT PACKING pc=0x0000000002c44854 sp=0x0000000056ebe330
Event: 6.622 Thread 0x0000000056907000 DEOPT UNPACKING pc=0x000000000262556a sp=0x0000000056ebe2d8 mode 2
Event: 6.622 Thread 0x0000000056907000 Uncommon trap: trap_request=0xffffffc6 fr.pc=0x0000000002c44854
Event: 6.622 Thread 0x0000000056907000 DEOPT PACKING pc=0x0000000002c44854 sp=0x0000000056ebe180
Event: 6.622 Thread 0x0000000056907000 DEOPT UNPACKING pc=0x000000000262556a sp=0x0000000056ebe128 mode 2
Event: 6.633 Thread 0x0000000056907000 DEOPT PACKING pc=0x00000000028b9ca9 sp=0x0000000056ebe2f0
Event: 6.633 Thread 0x0000000056907000 DEOPT UNPACKING pc=0x00000000026271bf sp=0x0000000056ebe0b8 mode 0


Dynamic libraries:
0x000000013f800000 - 0x000000013f837000 	C:\Program Files\Java\jdk1.8.0_45\bin\java.exe
0x0000000077490000 - 0x000000007763b000 	C:\Windows\SYSTEM32\ntdll.dll
0x0000000077270000 - 0x000000007738f000 	C:\Windows\system32\kernel32.dll
0x000007fefd5e0000 - 0x000007fefd64b000 	C:\Windows\system32\KERNELBASE.dll
0x000007feff280000 - 0x000007feff35b000 	C:\Windows\system32\ADVAPI32.dll
0x000007fefe330000 - 0x000007fefe3cf000 	C:\Windows\system32\msvcrt.dll
0x000007fefdf00000 - 0x000007fefdf1f000 	C:\Windows\SYSTEM32\sechost.dll
0x000007fefd960000 - 0x000007fefda8e000 	C:\Windows\system32\RPCRT4.dll
0x0000000077390000 - 0x000000007748a000 	C:\Windows\system32\USER32.dll
0x000007feff1e0000 - 0x000007feff247000 	C:\Windows\system32\GDI32.dll
0x000007fefda90000 - 0x000007fefda9e000 	C:\Windows\system32\LPK.dll
0x000007fefdcb0000 - 0x000007fefdd7a000 	C:\Windows\system32\USP10.dll
0x000007fefbdb0000 - 0x000007fefbfa4000 	C:\Windows\WinSxS\amd64_microsoft.windows.common-controls_6595b64144ccf1df_6.0.7600.16385_none_fa645303170382f6\COMCTL32.dll
0x000007fefe0e0000 - 0x000007fefe151000 	C:\Windows\system32\SHLWAPI.dll
0x000007feff250000 - 0x000007feff27e000 	C:\Windows\system32\IMM32.DLL
0x000007fefdf70000 - 0x000007fefe079000 	C:\Windows\system32\MSCTF.dll
0x0000000074d60000 - 0x0000000074e32000 	C:\Program Files\Java\jdk1.8.0_45\jre\bin\msvcr100.dll
0x0000000070d20000 - 0x00000000715a3000 	C:\Program Files\Java\jdk1.8.0_45\jre\bin\server\jvm.dll
0x000007feeaa90000 - 0x000007feeaa99000 	C:\Windows\system32\WSOCK32.dll
0x000007fefe090000 - 0x000007fefe0dd000 	C:\Windows\system32\WS2_32.dll
0x000007fefe080000 - 0x000007fefe088000 	C:\Windows\system32\NSI.dll
0x000007fefa0d0000 - 0x000007fefa10b000 	C:\Windows\system32\WINMM.dll
0x000007fefc560000 - 0x000007fefc56c000 	C:\Windows\system32\VERSION.dll
0x0000000077660000 - 0x0000000077667000 	C:\Windows\system32\PSAPI.DLL
0x0000000074f10000 - 0x0000000074f1f000 	C:\Program Files\Java\jdk1.8.0_45\jre\bin\verify.dll
0x0000000074ee0000 - 0x0000000074f09000 	C:\Program Files\Java\jdk1.8.0_45\jre\bin\java.dll
0x0000000074ec0000 - 0x0000000074ed6000 	C:\Program Files\Java\jdk1.8.0_45\jre\bin\zip.dll
0x000007fefe3d0000 - 0x000007feff157000 	C:\Windows\system32\SHELL32.dll
0x000007fefdaa0000 - 0x000007fefdca1000 	C:\Windows\system32\ole32.dll
0x000007fefd3f0000 - 0x000007fefd3ff000 	C:\Windows\system32\profapi.dll
0x000007fef6d20000 - 0x000007fef6e45000 	C:\Windows\system32\dbghelp.dll

VM Arguments:
jvm_args: -Djava.awt.headless=true -Xmx1024M -Dfile.encoding=windows-1252 -Duser.country=US -Duser.language=en -Duser.variant 
java_command: com.android.dx.command.Main --dex --force-jumbo --num-threads=4 --multi-dex --output D:\bit\Housie\app\build\intermediates\transforms\dex\debug\folders\1000\10\com.android.support-design-23.4.0_6d78d860b7060a66681cd49d4c2c3b1e5c327d50 D:\bit\Housie\app\build\intermediates\exploded-aar\com.android.support\design\23.4.0\jars\classes.jar
java_class_path (initial): C:\Eclipse\sdk\build-tools\24.0.0\lib\dx.jar
Launcher Type: SUN_STANDARD

Environment Variables:
JAVA_HOME=C:\Program Files\Java\jdk1.8.0_45
PATH=C:\Windows\system32;C:\Windows;C:\Windows\System32\Wbem;C:\Windows\System32\WindowsPowerShell\v1.0\;C:\Program Files\Java\jdk1.8.0_45\bin;C:\Lar\php;C:\Program Files\Git\cmd;C:\Program Files (x86)\Skype\Phone\
USERNAME=Lakki
OS=Windows_NT
PROCESSOR_IDENTIFIER=Intel64 Family 6 Model 15 Stepping 10, GenuineIntel



---------------  S Y S T E M  ---------------

OS: Windows 7 , 64 bit Build 7600 (6.1.7600.16385)

CPU:total 2 (2 cores per cpu, 1 threads per core) family 6 model 15 stepping 10, cmov, cx8, fxsr, mmx, sse, sse2, sse3, ssse3, tsc

Memory: 4k page, physical 3135608k(277916k free), swap 6269320k(2116056k free)

vm_info: Java HotSpot(TM) 64-Bit Server VM (25.45-b02) for windows-amd64 JRE (1.8.0_45-b14), built on Apr 10 2015 10:34:15 by "java_re" with MS VC++ 10.0 (VS2010)

time: Sun Jul 10 00:44:33 2016
elapsed time: 8 seconds (0d 0h 0m 8s)

