#
# A fatal error has been detected by the Java Runtime Environment:
#
#  EXCEPTION_ACCESS_VIOLATION (0xc0000005) at pc=0x000000006e127a70, pid=3476, tid=372
#
# JRE version: Java(TM) SE Runtime Environment (8.0_45-b14) (build 1.8.0_45-b14)
# Java VM: Java HotSpot(TM) 64-Bit Server VM (25.45-b02 mixed mode windows-amd64 compressed oops)
# Problematic frame:
# V  [jvm.dll+0x497a70]
#
# Failed to write core dump. Minidumps are not enabled by default on client versions of Windows
#
# If you would like to submit a bug report, please visit:
#   http://bugreport.java.com/bugreport/crash.jsp
#

---------------  T H R E A D  ---------------

Current thread (0x0000000054df1800):  JavaThread "C2 CompilerThread0" daemon [_thread_in_native, id=372, stack(0x0000000055fc0000,0x00000000560c0000)]

siginfo: ExceptionCode=0xc0000005, reading address 0x0000000000000000

Registers:
RAX=0x0000000000000000, RBX=0x0000000058a027f0, RCX=0x0000000000000000, RDX=0x0000000000000000
RSP=0x00000000560bc120, RBP=0x0000000000000014, RSI=0x00000000000000a0, RDI=0x00000000560bc170
R8 =0x0000000058a02930, R9 =0x000000005669a940, R10=0x000000006dc90000, R11=0x00000000560bc040
R12=0x000000006e494778, R13=0x000000006dc90000, R14=0x0000000054e58ae8, R15=0x00000000000003d8
RIP=0x000000006e127a70, EFLAGS=0x0000000000010246

Top of Stack: (sp=0x00000000560bc120)
0x00000000560bc120:   00000000560be8c0 0000000058a02250
0x00000000560bc130:   fffffffffffffff8 0000000054d8c590
0x00000000560bc140:   00000000000019db 000000006e122b3f
0x00000000560bc150:   0000000058a02610 0000000058a027f0
0x00000000560bc160:   00000000000019db 00000000560bc250
0x00000000560bc170:   0000000000000000 0000000000000008
0x00000000560bc180:   0000000000000000 0000000000000000
0x00000000560bc190:   000000005752ff60 000000000000001c
0x00000000560bc1a0:   0000000058a02930 00000000560bc540
0x00000000560bc1b0:   0000000054e58710 00000000560bc540
0x00000000560bc1c0:   0000000054e58700 000000006e0ef901
0x00000000560bc1d0:   0000000000000000 00000000560bc2d0
0x00000000560bc1e0:   0000000000000000 0000000000000006
0x00000000560bc1f0:   0000000000000002 0000000054e58700
0x00000000560bc200:   00000000573b0f20 00000000573b2f10
0x00000000560bc210:   00000000573b8f08 000000000064b048 

Instructions: (pc=0x000000006e127a70)
0x000000006e127a50:   48 8b 4f 20 48 39 04 0e 0f 84 9d 00 00 00 48 8b
0x000000006e127a60:   0c 0e 33 d2 33 c0 48 89 4f 10 66 0f 1f 44 00 00
0x000000006e127a70:   83 3c 08 00 0f 85 36 01 00 00 ff c2 48 83 c0 04
0x000000006e127a80:   83 fa 08 72 eb 48 8b 47 30 48 89 44 24 30 48 85 


Register to memory mapping:

RAX=0x0000000000000000 is an unknown value
RBX=0x0000000058a027f0 is an unknown value
RCX=0x0000000000000000 is an unknown value
RDX=0x0000000000000000 is an unknown value
RSP=0x00000000560bc120 is pointing into the stack for thread: 0x0000000054df1800
RBP=0x0000000000000014 is an unknown value
RSI=0x00000000000000a0 is an unknown value
RDI=0x00000000560bc170 is pointing into the stack for thread: 0x0000000054df1800
R8 =0x0000000058a02930 is an unknown value
R9 =0x000000005669a940 is an unknown value
R10=0x000000006dc90000 is an unknown value
R11=0x00000000560bc040 is pointing into the stack for thread: 0x0000000054df1800
R12=0x000000006e494778 is an unknown value
R13=0x000000006dc90000 is an unknown value
R14=0x0000000054e58ae8 is an unknown value
R15=0x00000000000003d8 is an unknown value


Stack: [0x0000000055fc0000,0x00000000560c0000],  sp=0x00000000560bc120,  free space=1008k
Native frames: (J=compiled Java code, j=interpreted, Vv=VM code, C=native code)
V  [jvm.dll+0x497a70]
V  [jvm.dll+0x492b3f]
V  [jvm.dll+0x45f901]
V  [jvm.dll+0x46a73b]
V  [jvm.dll+0x46cd52]
V  [jvm.dll+0x4500f2]
V  [jvm.dll+0xa4352]
V  [jvm.dll+0xa4c8f]
V  [jvm.dll+0x241984]
V  [jvm.dll+0x29853a]
C  [msvcr100.dll+0x21d9f]
C  [msvcr100.dll+0x21e3b]
C  [kernel32.dll+0x1f56d]
C  [ntdll.dll+0x33281]


Current CompileTask:
C2:   5085 1824       4       com.android.dx.dex.code.RopToDop::dopFor (792 bytes)


---------------  P R O C E S S  ---------------

Java Threads: ( => current thread )
  0x0000000056500800 JavaThread "pool-2-thread-4" [_thread_blocked, id=248, stack(0x0000000056b20000,0x0000000056c20000)]
  0x00000000564fe800 JavaThread "pool-2-thread-3" [_thread_blocked, id=380, stack(0x0000000056e90000,0x0000000056f90000)]
  0x00000000564f8000 JavaThread "pool-2-thread-2" [_thread_blocked, id=2648, stack(0x0000000056d50000,0x0000000056e50000)]
  0x00000000564f3800 JavaThread "pool-3-thread-1" [_thread_blocked, id=1696, stack(0x0000000056c20000,0x0000000056d20000)]
  0x00000000564f2800 JavaThread "pool-2-thread-1" [_thread_blocked, id=744, stack(0x0000000056860000,0x0000000056960000)]
  0x0000000054e5f000 JavaThread "Service Thread" daemon [_thread_blocked, id=3572, stack(0x00000000566c0000,0x00000000567c0000)]
  0x0000000054df9000 JavaThread "C1 CompilerThread1" daemon [_thread_blocked, id=1760, stack(0x00000000561c0000,0x00000000562c0000)]
=>0x0000000054df1800 JavaThread "C2 CompilerThread0" daemon [_thread_in_native, id=372, stack(0x0000000055fc0000,0x00000000560c0000)]
  0x0000000054e02800 JavaThread "Attach Listener" daemon [_thread_blocked, id=2892, stack(0x0000000055e20000,0x0000000055f20000)]
  0x0000000054e01000 JavaThread "Signal Dispatcher" daemon [_thread_blocked, id=356, stack(0x0000000055d00000,0x0000000055e00000)]
  0x0000000054d9b800 JavaThread "Finalizer" daemon [_thread_blocked, id=3836, stack(0x00000000559d0000,0x0000000055ad0000)]
  0x0000000054d92800 JavaThread "Reference Handler" daemon [_thread_blocked, id=1560, stack(0x0000000055b60000,0x0000000055c60000)]
  0x000000000010d800 JavaThread "main" [_thread_blocked, id=3044, stack(0x00000000023e0000,0x00000000024e0000)]

Other Threads:
  0x0000000054d8c800 VMThread [stack: 0x00000000558b0000,0x00000000559b0000] [id=3652]
  0x00000000562c9000 WatcherThread [stack: 0x0000000056960000,0x0000000056a60000] [id=2112]

VM state:not at safepoint (normal execution)

VM Mutex/Monitor currently owned by a thread: None

Heap:
 PSYoungGen      total 108032K, used 52206K [0x00000000eab00000, 0x00000000f2400000, 0x0000000100000000)
  eden space 96768K, 43% used [0x00000000eab00000,0x00000000ed43a788,0x00000000f0980000)
  from space 11264K, 88% used [0x00000000f1600000,0x00000000f1fc1088,0x00000000f2100000)
  to   space 12800K, 0% used [0x00000000f0980000,0x00000000f0980000,0x00000000f1600000)
 ParOldGen       total 32768K, used 16353K [0x00000000c0000000, 0x00000000c2000000, 0x00000000eab00000)
  object space 32768K, 49% used [0x00000000c0000000,0x00000000c0ff8478,0x00000000c2000000)
 Metaspace       used 6317K, capacity 7152K, committed 7296K, reserved 1056768K
  class space    used 593K, capacity 616K, committed 640K, reserved 1048576K

Card table byte_map: [0x0000000011b70000,0x0000000011d80000] byte_map_base: 0x0000000011570000

Marking Bits: (ParMarkBitMap*) 0x000000006e494040
 Begin Bits: [0x0000000012260000, 0x0000000013260000)
 End Bits:   [0x0000000013260000, 0x0000000014260000)

Polling page: 0x0000000000150000

CodeCache: size=245760Kb used=7153Kb max_used=7153Kb free=238607Kb
 bounds [0x00000000027b0000, 0x0000000002ec0000, 0x00000000117b0000]
 total_blobs=2130 nmethods=1862 adapters=182
 compilation: enabled

Compilation events (10 events):
Event: 4.972 Thread 0x0000000054df9000 1886       2       com.android.dx.cf.code.LocalVariableList::mergeDescriptorsAndSignatures (80 bytes)
Event: 4.973 Thread 0x0000000054df9000 nmethod 1886 0x0000000002eaf650 code [0x0000000002eaf860, 0x0000000002eafff8]
Event: 5.000 Thread 0x0000000054df9000 1888       2       com.android.dx.cf.code.SwitchList::add (35 bytes)
Event: 5.001 Thread 0x0000000054df9000 nmethod 1888 0x0000000002eb0ad0 code [0x0000000002eb0c60, 0x0000000002eb0f78]
Event: 5.013 Thread 0x0000000054df9000 1889       2       java.util.concurrent.locks.AbstractQueuedSynchronizer::enq (58 bytes)
Event: 5.013 Thread 0x0000000054df9000 nmethod 1889 0x0000000002eb1190 code [0x0000000002eb1300, 0x0000000002eb15f0]
Event: 5.015 Thread 0x0000000054df9000 1890       1       com.android.dx.rop.cst.CstType::getType (4 bytes)
Event: 5.015 Thread 0x0000000054df9000 nmethod 1890 0x0000000002eb1710 code [0x0000000002eb1860, 0x0000000002eb1970]
Event: 5.020 Thread 0x0000000054df9000 1891       2       java.util.concurrent.locks.AbstractQueuedSynchronizer$ConditionObject::doSignal (43 bytes)
Event: 5.021 Thread 0x0000000054df9000 nmethod 1891 0x0000000002eb19d0 code [0x0000000002eb1b40, 0x0000000002eb1d88]

GC Heap History (10 events):
Event: 1.106 GC heap before
{Heap before GC invocations=2 (full 0):
 PSYoungGen      total 14336K, used 13262K [0x00000000eab00000, 0x00000000ec700000, 0x0000000100000000)
  eden space 12288K, 100% used [0x00000000eab00000,0x00000000eb700000,0x00000000eb700000)
  from space 2048K, 47% used [0x00000000eb700000,0x00000000eb7f39d8,0x00000000eb900000)
  to   space 2048K, 0% used [0x00000000ec500000,0x00000000ec500000,0x00000000ec700000)
 ParOldGen       total 32768K, used 0K [0x00000000c0000000, 0x00000000c2000000, 0x00000000eab00000)
  object space 32768K, 0% used [0x00000000c0000000,0x00000000c0000000,0x00000000c2000000)
 Metaspace       used 5648K, capacity 6640K, committed 6784K, reserved 1056768K
  class space    used 588K, capacity 616K, committed 640K, reserved 1048576K
Event: 1.119 GC heap after
Heap after GC invocations=2 (full 0):
 PSYoungGen      total 26624K, used 2023K [0x00000000eab00000, 0x00000000ec700000, 0x0000000100000000)
  eden space 24576K, 0% used [0x00000000eab00000,0x00000000eab00000,0x00000000ec300000)
  from space 2048K, 98% used [0x00000000ec500000,0x00000000ec6f9c68,0x00000000ec700000)
  to   space 2048K, 0% used [0x00000000ec300000,0x00000000ec300000,0x00000000ec500000)
 ParOldGen       total 32768K, used 1551K [0x00000000c0000000, 0x00000000c2000000, 0x00000000eab00000)
  object space 32768K, 4% used [0x00000000c0000000,0x00000000c0183e70,0x00000000c2000000)
 Metaspace       used 5648K, capacity 6640K, committed 6784K, reserved 1056768K
  class space    used 588K, capacity 616K, committed 640K, reserved 1048576K
}
Event: 2.155 GC heap before
{Heap before GC invocations=3 (full 0):
 PSYoungGen      total 26624K, used 26599K [0x00000000eab00000, 0x00000000ec700000, 0x0000000100000000)
  eden space 24576K, 100% used [0x00000000eab00000,0x00000000ec300000,0x00000000ec300000)
  from space 2048K, 98% used [0x00000000ec500000,0x00000000ec6f9c68,0x00000000ec700000)
  to   space 2048K, 0% used [0x00000000ec300000,0x00000000ec300000,0x00000000ec500000)
 ParOldGen       total 32768K, used 1551K [0x00000000c0000000, 0x00000000c2000000, 0x00000000eab00000)
  object space 32768K, 4% used [0x00000000c0000000,0x00000000c0183e70,0x00000000c2000000)
 Metaspace       used 6062K, capacity 7024K, committed 7296K, reserved 1056768K
  class space    used 590K, capacity 616K, committed 640K, reserved 1048576K
Event: 2.213 GC heap after
Heap after GC invocations=3 (full 0):
 PSYoungGen      total 26624K, used 2018K [0x00000000eab00000, 0x00000000edf00000, 0x0000000100000000)
  eden space 24576K, 0% used [0x00000000eab00000,0x00000000eab00000,0x00000000ec300000)
  from space 2048K, 98% used [0x00000000ec300000,0x00000000ec4f8b60,0x00000000ec500000)
  to   space 2048K, 0% used [0x00000000edd00000,0x00000000edd00000,0x00000000edf00000)
 ParOldGen       total 32768K, used 5379K [0x00000000c0000000, 0x00000000c2000000, 0x00000000eab00000)
  object space 32768K, 16% used [0x00000000c0000000,0x00000000c0540e70,0x00000000c2000000)
 Metaspace       used 6062K, capacity 7024K, committed 7296K, reserved 1056768K
  class space    used 590K, capacity 616K, committed 640K, reserved 1048576K
}
Event: 2.631 GC heap before
{Heap before GC invocations=4 (full 0):
 PSYoungGen      total 26624K, used 26594K [0x00000000eab00000, 0x00000000edf00000, 0x0000000100000000)
  eden space 24576K, 100% used [0x00000000eab00000,0x00000000ec300000,0x00000000ec300000)
  from space 2048K, 98% used [0x00000000ec300000,0x00000000ec4f8b60,0x00000000ec500000)
  to   space 2048K, 0% used [0x00000000edd00000,0x00000000edd00000,0x00000000edf00000)
 ParOldGen       total 32768K, used 5379K [0x00000000c0000000, 0x00000000c2000000, 0x00000000eab00000)
  object space 32768K, 16% used [0x00000000c0000000,0x00000000c0540e70,0x00000000c2000000)
 Metaspace       used 6092K, capacity 7024K, committed 7296K, reserved 1056768K
  class space    used 592K, capacity 616K, committed 640K, reserved 1048576K
Event: 2.671 GC heap after
Heap after GC invocations=4 (full 0):
 PSYoungGen      total 51200K, used 2020K [0x00000000eab00000, 0x00000000edf00000, 0x0000000100000000)
  eden space 49152K, 0% used [0x00000000eab00000,0x00000000eab00000,0x00000000edb00000)
  from space 2048K, 98% used [0x00000000edd00000,0x00000000edef9088,0x00000000edf00000)
  to   space 2048K, 0% used [0x00000000edb00000,0x00000000edb00000,0x00000000edd00000)
 ParOldGen       total 32768K, used 9186K [0x00000000c0000000, 0x00000000c2000000, 0x00000000eab00000)
  object space 32768K, 28% used [0x00000000c0000000,0x00000000c08f8928,0x00000000c2000000)
 Metaspace       used 6092K, capacity 7024K, committed 7296K, reserved 1056768K
  class space    used 592K, capacity 616K, committed 640K, reserved 1048576K
}
Event: 3.366 GC heap before
{Heap before GC invocations=5 (full 0):
 PSYoungGen      total 51200K, used 51172K [0x00000000eab00000, 0x00000000edf00000, 0x0000000100000000)
  eden space 49152K, 100% used [0x00000000eab00000,0x00000000edb00000,0x00000000edb00000)
  from space 2048K, 98% used [0x00000000edd00000,0x00000000edef9088,0x00000000edf00000)
  to   space 2048K, 0% used [0x00000000edb00000,0x00000000edb00000,0x00000000edd00000)
 ParOldGen       total 32768K, used 9186K [0x00000000c0000000, 0x00000000c2000000, 0x00000000eab00000)
  object space 32768K, 28% used [0x00000000c0000000,0x00000000c08f8928,0x00000000c2000000)
 Metaspace       used 6195K, capacity 7088K, committed 7296K, reserved 1056768K
  class space    used 593K, capacity 616K, committed 640K, reserved 1048576K
Event: 3.501 GC heap after
Heap after GC invocations=5 (full 0):
 PSYoungGen      total 51200K, used 2020K [0x00000000eab00000, 0x00000000f2100000, 0x0000000100000000)
  eden space 49152K, 0% used [0x00000000eab00000,0x00000000eab00000,0x00000000edb00000)
  from space 2048K, 98% used [0x00000000edb00000,0x00000000edcf9088,0x00000000edd00000)
  to   space 11264K, 0% used [0x00000000f1600000,0x00000000f1600000,0x00000000f2100000)
 ParOldGen       total 32768K, used 16345K [0x00000000c0000000, 0x00000000c2000000, 0x00000000eab00000)
  object space 32768K, 49% used [0x00000000c0000000,0x00000000c0ff6478,0x00000000c2000000)
 Metaspace       used 6195K, capacity 7088K, committed 7296K, reserved 1056768K
  class space    used 593K, capacity 616K, committed 640K, reserved 1048576K
}
Event: 4.103 GC heap before
{Heap before GC invocations=6 (full 0):
 PSYoungGen      total 51200K, used 51172K [0x00000000eab00000, 0x00000000f2100000, 0x0000000100000000)
  eden space 49152K, 100% used [0x00000000eab00000,0x00000000edb00000,0x00000000edb00000)
  from space 2048K, 98% used [0x00000000edb00000,0x00000000edcf9088,0x00000000edd00000)
  to   space 11264K, 0% used [0x00000000f1600000,0x00000000f1600000,0x00000000f2100000)
 ParOldGen       total 32768K, used 16345K [0x00000000c0000000, 0x00000000c2000000, 0x00000000eab00000)
  object space 32768K, 49% used [0x00000000c0000000,0x00000000c0ff6478,0x00000000c2000000)
 Metaspace       used 6247K, capacity 7152K, committed 7296K, reserved 1056768K
  class space    used 593K, capacity 616K, committed 640K, reserved 1048576K
Event: 4.155 GC heap after
Heap after GC invocations=6 (full 0):
 PSYoungGen      total 108032K, used 9988K [0x00000000eab00000, 0x00000000f2400000, 0x0000000100000000)
  eden space 96768K, 0% used [0x00000000eab00000,0x00000000eab00000,0x00000000f0980000)
  from space 11264K, 88% used [0x00000000f1600000,0x00000000f1fc1088,0x00000000f2100000)
  to   space 12800K, 0% used [0x00000000f0980000,0x00000000f0980000,0x00000000f1600000)
 ParOldGen       total 32768K, used 16353K [0x00000000c0000000, 0x00000000c2000000, 0x00000000eab00000)
  object space 32768K, 49% used [0x00000000c0000000,0x00000000c0ff8478,0x00000000c2000000)
 Metaspace       used 6247K, capacity 7152K, committed 7296K, reserved 1056768K
  class space    used 593K, capacity 616K, committed 640K, reserved 1048576K
}

Deoptimization events (10 events):
Event: 3.133 Thread 0x0000000056500800 Uncommon trap: reason=bimorphic action=maybe_recompile pc=0x0000000002d5f7fc method=java.util.HashMap.getNode(ILjava/lang/Object;)Ljava/util/HashMap$Node; @ 126
Event: 3.133 Thread 0x0000000056500800 Uncommon trap: reason=bimorphic action=maybe_recompile pc=0x0000000002d5f7fc method=java.util.HashMap.getNode(ILjava/lang/Object;)Ljava/util/HashMap$Node; @ 126
Event: 3.133 Thread 0x0000000056500800 Uncommon trap: reason=class_check action=maybe_recompile pc=0x0000000002bf8658 method=java.util.HashMap.putVal(ILjava/lang/Object;Ljava/lang/Object;ZZ)Ljava/lang/Object; @ 203
Event: 3.133 Thread 0x0000000056500800 Uncommon trap: reason=bimorphic action=maybe_recompile pc=0x0000000002d3efdc method=java.util.HashMap.getNode(ILjava/lang/Object;)Ljava/util/HashMap$Node; @ 126
Event: 3.173 Thread 0x00000000564fe800 Uncommon trap: reason=unstable_if action=reinterpret pc=0x0000000002db82c0 method=com.android.dx.ssa.SCCP.simulateBranch(Lcom/android/dx/ssa/SsaInsn;)V @ 64
Event: 3.174 Thread 0x00000000564fe800 Uncommon trap: reason=unstable_if action=reinterpret pc=0x0000000002b9200c method=com.android.dx.ssa.SsaMethod.updateOneDefinition(Lcom/android/dx/ssa/SsaInsn;Lcom/android/dx/rop/code/RegisterSpec;)V @ 4
Event: 3.846 Thread 0x00000000564f8000 Uncommon trap: reason=bimorphic action=maybe_recompile pc=0x0000000002deba58 method=com.android.dx.cf.code.BytecodeArray.parseInstruction(ILcom/android/dx/cf/code/BytecodeArray$Visitor;)I @ 1130
Event: 3.847 Thread 0x00000000564f8000 Uncommon trap: reason=bimorphic action=maybe_recompile pc=0x0000000002deba58 method=com.android.dx.cf.code.BytecodeArray.parseInstruction(ILcom/android/dx/cf/code/BytecodeArray$Visitor;)I @ 1130
Event: 4.318 Thread 0x00000000564f8000 Uncommon trap: reason=class_check action=maybe_recompile pc=0x0000000002bf8658 method=java.util.HashMap.putVal(ILjava/lang/Object;Ljava/lang/Object;ZZ)Ljava/lang/Object; @ 203
Event: 4.336 Thread 0x00000000564f8000 Uncommon trap: reason=uninitialized action=reinterpret pc=0x0000000002deb4bc method=com.android.dx.cf.code.BytecodeArray.parseInstruction(ILcom/android/dx/cf/code/BytecodeArray$Visitor;)I @ 1079

Internal exceptions (3 events):
Event: 0.081 Thread 0x000000000010d800 Exception <a 'java/lang/NoSuchMethodError': Method sun.misc.Unsafe.defineClass(Ljava/lang/String;[BII)Ljava/lang/Class; name or signature does not match> (0x00000000eab0d238) thrown at [C:\re\workspace\8-2-build-windows-amd64-cygwin\jdk8u45\3457\hotspot\srÿßpèÄ´?
Event: 0.081 Thread 0x000000000010d800 Exception <a 'java/lang/NoSuchMethodError': Method sun.misc.Unsafe.prefetchRead(Ljava/lang/Object;J)V name or signature does not match> (0x00000000eab0d4c8) thrown at [C:\re\workspace\8-2-build-windows-amd64-cygwin\jdk8u45\3457\hotspot\src\share\vm\prims\jª\T™Zcÿ?
Event: 1.962 Thread 0x00000000564fe800 Implicit null exception at 0x0000000002bb8492 to 0x0000000002bb8541

Events (10 events):
Event: 4.269 Executing VM operation: EnableBiasedLocking
Event: 4.271 Executing VM operation: EnableBiasedLocking done
Event: 4.318 Thread 0x00000000564f8000 Uncommon trap: trap_request=0xffffffde fr.pc=0x0000000002bf8658
Event: 4.318 Thread 0x00000000564f8000 DEOPT PACKING pc=0x0000000002bf8658 sp=0x0000000056e4e630
Event: 4.318 Thread 0x00000000564f8000 DEOPT UNPACKING pc=0x00000000027f556a sp=0x0000000056e4e5a8 mode 2
Event: 4.336 Thread 0x00000000564f8000 Uncommon trap: trap_request=0xffffffb5 fr.pc=0x0000000002deb4bc
Event: 4.336 Thread 0x00000000564f8000 DEOPT PACKING pc=0x0000000002deb4bc sp=0x0000000056e4e8c0
Event: 4.336 Thread 0x00000000564f8000 DEOPT UNPACKING pc=0x00000000027f556a sp=0x0000000056e4e860 mode 2
Event: 4.697 Thread 0x000000000010d800 DEOPT PACKING pc=0x0000000002de1128 sp=0x00000000024ded60
Event: 4.697 Thread 0x000000000010d800 DEOPT UNPACKING pc=0x00000000027f71bf sp=0x00000000024dea60 mode 0


Dynamic libraries:
0x000000013f4c0000 - 0x000000013f4f7000 	C:\Program Files\Java\jdk1.8.0_45\bin\java.exe
0x00000000776d0000 - 0x000000007787b000 	C:\Windows\SYSTEM32\ntdll.dll
0x00000000774b0000 - 0x00000000775cf000 	C:\Windows\system32\kernel32.dll
0x000007fefd7e0000 - 0x000007fefd84b000 	C:\Windows\system32\KERNELBASE.dll
0x000007fefdea0000 - 0x000007fefdf7b000 	C:\Windows\system32\ADVAPI32.dll
0x000007fefdce0000 - 0x000007fefdd7f000 	C:\Windows\system32\msvcrt.dll
0x000007feff6b0000 - 0x000007feff6cf000 	C:\Windows\SYSTEM32\sechost.dll
0x000007feff120000 - 0x000007feff24e000 	C:\Windows\system32\RPCRT4.dll
0x00000000775d0000 - 0x00000000776ca000 	C:\Windows\system32\USER32.dll
0x000007feff8d0000 - 0x000007feff937000 	C:\Windows\system32\GDI32.dll
0x000007fefde90000 - 0x000007fefde9e000 	C:\Windows\system32\LPK.dll
0x000007fefda00000 - 0x000007fefdaca000 	C:\Windows\system32\USP10.dll
0x000007fefbff0000 - 0x000007fefc1e4000 	C:\Windows\WinSxS\amd64_microsoft.windows.common-controls_6595b64144ccf1df_6.0.7600.16385_none_fa645303170382f6\COMCTL32.dll
0x000007feff0a0000 - 0x000007feff111000 	C:\Windows\system32\SHLWAPI.dll
0x000007feff8a0000 - 0x000007feff8ce000 	C:\Windows\system32\IMM32.DLL
0x000007fefdd80000 - 0x000007fefde89000 	C:\Windows\system32\MSCTF.dll
0x0000000075220000 - 0x00000000752f2000 	C:\Program Files\Java\jdk1.8.0_45\jre\bin\msvcr100.dll
0x000000006dc90000 - 0x000000006e513000 	C:\Program Files\Java\jdk1.8.0_45\jre\bin\server\jvm.dll
0x000007fef8080000 - 0x000007fef8089000 	C:\Windows\system32\WSOCK32.dll
0x000007feff990000 - 0x000007feff9dd000 	C:\Windows\system32\WS2_32.dll
0x000007fefdf80000 - 0x000007fefdf88000 	C:\Windows\system32\NSI.dll
0x000007fefaea0000 - 0x000007fefaedb000 	C:\Windows\system32\WINMM.dll
0x000007fefc7a0000 - 0x000007fefc7ac000 	C:\Windows\system32\VERSION.dll
0x00000000778a0000 - 0x00000000778a7000 	C:\Windows\system32\PSAPI.DLL
0x0000000075210000 - 0x000000007521f000 	C:\Program Files\Java\jdk1.8.0_45\jre\bin\verify.dll
0x00000000751e0000 - 0x0000000075209000 	C:\Program Files\Java\jdk1.8.0_45\jre\bin\java.dll
0x00000000751c0000 - 0x00000000751d6000 	C:\Program Files\Java\jdk1.8.0_45\jre\bin\zip.dll
0x000007fefdfb0000 - 0x000007fefed37000 	C:\Windows\system32\SHELL32.dll
0x000007fefdad0000 - 0x000007fefdcd1000 	C:\Windows\system32\ole32.dll
0x000007fefd630000 - 0x000007fefd63f000 	C:\Windows\system32\profapi.dll
0x000007fef6d30000 - 0x000007fef6e55000 	C:\Windows\system32\dbghelp.dll

VM Arguments:
jvm_args: -Djava.awt.headless=true -Xmx1024M -Dfile.encoding=windows-1252 -Duser.country=US -Duser.language=en -Duser.variant 
java_command: com.android.dx.command.Main --dex --force-jumbo --num-threads=4 --multi-dex --output D:\bit\Housie\app\build\intermediates\transforms\dex\debug\folders\1000\10\com.android.support-support-v4-23.4.0_1ab658067e7259f25b04aa12e3ad7baf89678659 D:\bit\Housie\app\build\intermediates\exploded-aar\com.android.support\support-v4\23.4.0\jars\classes.jar
java_class_path (initial): C:\Eclipse\sdk\build-tools\24.0.0\lib\dx.jar
Launcher Type: SUN_STANDARD

Environment Variables:
JAVA_HOME=C:\Program Files\Java\jdk1.8.0_45
PATH=C:\Windows\system32;C:\Windows;C:\Windows\System32\Wbem;C:\Windows\System32\WindowsPowerShell\v1.0\;C:\Program Files\Java\jdk1.8.0_45\bin;C:\Lar\php;C:\Program Files\Git\cmd;C:\Program Files (x86)\Skype\Phone\
USERNAME=Lakki
OS=Windows_NT
PROCESSOR_IDENTIFIER=Intel64 Family 6 Model 15 Stepping 10, GenuineIntel



---------------  S Y S T E M  ---------------

OS: Windows 7 , 64 bit Build 7600 (6.1.7600.16385)

CPU:total 2 (2 cores per cpu, 1 threads per core) family 6 model 15 stepping 10, cmov, cx8, fxsr, mmx, sse, sse2, sse3, ssse3, tsc

Memory: 4k page, physical 3135608k(483804k free), swap 6269320k(3028128k free)

vm_info: Java HotSpot(TM) 64-Bit Server VM (25.45-b02) for windows-amd64 JRE (1.8.0_45-b14), built on Apr 10 2015 10:34:15 by "java_re" with MS VC++ 10.0 (VS2010)

time: Mon Jul 11 07:57:46 2016
elapsed time: 5 seconds (0d 0h 0m 5s)

